Using device: cuda
Loaded CMA-ES params: shape=(20,)

======================================================================
PHASE D: Evaluation
======================================================================

============================================================
Phase D: Evaluation on Numpy Environment
============================================================

  alpha = 0.5:
    50/200 done
    100/200 done
    150/200 done
    200/200 done
    CMA-ES:   0.9915 ± 0.0019
    Phase B:  0.2325 ± 0.0955
    Phase C:  0.9933 ± 0.0013

  alpha = 1.0:
    50/200 done
    100/200 done
    150/200 done
    200/200 done
    CMA-ES:   0.9904 ± 0.0036
    Phase B:  0.2673 ± 0.1284
    Phase C:  0.9929 ± 0.0023

  alpha = 1.5:
    50/200 done
    100/200 done
    150/200 done
    200/200 done
    CMA-ES:   0.9886 ± 0.0060
    Phase B:  0.3013 ± 0.1565
    Phase C:  0.9922 ± 0.0033

  alpha = 2.0:
    50/200 done
    100/200 done
    150/200 done
    200/200 done
    CMA-ES:   0.9853 ± 0.0123
    Phase B:  0.3182 ± 0.1729
    Phase C:  0.9893 ± 0.0108

  alpha = 3.0:
    50/200 done
    100/200 done
    150/200 done
    200/200 done
    CMA-ES:   0.9745 ± 0.0397
    Phase B:  0.3201 ± 0.1957
    Phase C:  0.9844 ± 0.0247

  alpha = 5.0:
    50/200 done
    100/200 done
    150/200 done
    200/200 done
    CMA-ES:   0.9246 ± 0.1211
    Phase B:  0.3146 ± 0.2136
    Phase C:  0.9420 ± 0.1422

======================================================================
FINAL SUMMARY
======================================================================
alpha    CMA-ES       Phase B      Phase C      Gap B      Gap C     
----------------------------------------------------------------------
0.5      0.9915       0.2325       0.9933       -0.7590    +0.0019   
1.0      0.9904       0.2673       0.9929       -0.7232    +0.0024   
1.5      0.9886       0.3013       0.9922       -0.6873    +0.0037   
2.0      0.9853       0.3182       0.9893       -0.6671    +0.0040   
3.0      0.9745       0.3201       0.9844       -0.6544    +0.0099   
5.0      0.9246       0.3146       0.9420       -0.6100    +0.0174   

Done!
