Using device: cuda
Loaded CMA-ES params: shape=(20,)

======================================================================
PHASE D: Evaluation
======================================================================

============================================================
Phase D: Evaluation on Numpy Environment
============================================================

  alpha = 0.5:
    50/200 done
    100/200 done
    150/200 done
    200/200 done
    CMA-ES:   0.9915 ± 0.0019
    Phase B:  0.9979 ± 0.0001
    Phase C:  0.9933 ± 0.0015

  alpha = 1.0:
    50/200 done
    100/200 done
    150/200 done
    200/200 done
    CMA-ES:   0.9904 ± 0.0036
    Phase B:  0.9978 ± 0.0004
    Phase C:  0.9929 ± 0.0022

  alpha = 1.5:
    50/200 done
    100/200 done
    150/200 done
    200/200 done
    CMA-ES:   0.9886 ± 0.0060
    Phase B:  0.9976 ± 0.0003
    Phase C:  0.9921 ± 0.0033

  alpha = 2.0:
    50/200 done
    100/200 done
    150/200 done
    200/200 done
    CMA-ES:   0.9853 ± 0.0123
    Phase B:  0.9971 ± 0.0008
    Phase C:  0.9894 ± 0.0107

  alpha = 3.0:
    50/200 done
    100/200 done
    150/200 done
    200/200 done
    CMA-ES:   0.9745 ± 0.0397
    Phase B:  0.9964 ± 0.0019
    Phase C:  0.9840 ± 0.0299

  alpha = 5.0:
    50/200 done
    100/200 done
    150/200 done
    200/200 done
    CMA-ES:   0.9246 ± 0.1211
    Phase B:  0.9908 ± 0.0257
    Phase C:  0.9414 ± 0.1426

======================================================================
FINAL SUMMARY
======================================================================
alpha    CMA-ES       Phase B      Phase C      Gap B      Gap C     
----------------------------------------------------------------------
0.5      0.9915       0.9979       0.9933       +0.0064    +0.0018   
1.0      0.9904       0.9978       0.9929       +0.0073    +0.0025   
1.5      0.9886       0.9976       0.9921       +0.0090    +0.0035   
2.0      0.9853       0.9971       0.9894       +0.0119    +0.0041   
3.0      0.9745       0.9964       0.9840       +0.0219    +0.0095   
5.0      0.9246       0.9908       0.9414       +0.0662    +0.0168   

Done!
