Using device: cuda
Loaded CMA-ES params: shape=(20,)

======================================================================
PHASE D: Evaluation
======================================================================

============================================================
Phase D: Evaluation on Numpy Environment
============================================================

  alpha = 0.5:
    50/200 done
    100/200 done
    150/200 done
    200/200 done
    CMA-ES:   0.9915 ± 0.0019
    Phase B:  0.2303 ± 0.0961
    Phase C:  0.9932 ± 0.0015

  alpha = 1.0:
    50/200 done
    100/200 done
    150/200 done
    200/200 done
    CMA-ES:   0.9904 ± 0.0036
    Phase B:  0.2661 ± 0.1266
    Phase C:  0.9928 ± 0.0024

  alpha = 1.5:
    50/200 done
    100/200 done
    150/200 done
    200/200 done
    CMA-ES:   0.9886 ± 0.0060
    Phase B:  0.3117 ± 0.1550
    Phase C:  0.9921 ± 0.0033

  alpha = 2.0:
    50/200 done
    100/200 done
    150/200 done
    200/200 done
    CMA-ES:   0.9853 ± 0.0123
    Phase B:  0.3430 ± 0.1765
    Phase C:  0.9893 ± 0.0108

  alpha = 3.0:
    50/200 done
    100/200 done
    150/200 done
    200/200 done
    CMA-ES:   0.9745 ± 0.0397
    Phase B:  0.3661 ± 0.2104
    Phase C:  0.9844 ± 0.0244

  alpha = 5.0:
    50/200 done
    100/200 done
    150/200 done
    200/200 done
    CMA-ES:   0.9246 ± 0.1211
    Phase B:  0.3723 ± 0.2296
    Phase C:  0.9418 ± 0.1410

======================================================================
FINAL SUMMARY
======================================================================
alpha    CMA-ES       Phase B      Phase C      Gap B      Gap C     
----------------------------------------------------------------------
0.5      0.9915       0.2303       0.9932       -0.7612    +0.0018   
1.0      0.9904       0.2661       0.9928       -0.7244    +0.0023   
1.5      0.9886       0.3117       0.9921       -0.6769    +0.0036   
2.0      0.9853       0.3430       0.9893       -0.6423    +0.0040   
3.0      0.9745       0.3661       0.9844       -0.6084    +0.0099   
5.0      0.9246       0.3723       0.9418       -0.5523    +0.0172   

Done!
