2026-04-13 07:16:22.796642: I tensorflow/core/util/port.cc:153] oneDNN custom operations are on. You may see slightly different numerical results due to floating-point round-off errors from different computation orders. To turn them off, set the environment variable `TF_ENABLE_ONEDNN_OPTS=0`.
2026-04-13 07:16:22.855548: I tensorflow/core/platform/cpu_feature_guard.cc:210] This TensorFlow binary is optimized to use available CPU instructions in performance-critical operations.
To enable the following instructions: AVX2 AVX512F AVX512_VNNI AVX512_BF16 AVX512_FP16 AVX_VNNI AMX_TILE AMX_INT8 AMX_BF16 FMA, in other operations, rebuild TensorFlow with the appropriate compiler flags.
2026-04-13 07:16:24.099064: I tensorflow/core/util/port.cc:153] oneDNN custom operations are on. You may see slightly different numerical results due to floating-point round-off errors from different computation orders. To turn them off, set the environment variable `TF_ENABLE_ONEDNN_OPTS=0`.
/home/liuyutian/server/miniconda3/lib/python3.9/site-packages/stable_baselines3/common/on_policy_algorithm.py:150: UserWarning: You are trying to run PPO on the GPU, but it is primarily intended to run on the CPU when not using a CNN policy (you are using ActorCriticPolicy which should be a MlpPolicy). See https://github.com/DLR-RM/stable-baselines3/issues/1245 for more info. You can pass `device='cpu'` or `export CUDA_VISIBLE_DEVICES=` to force using the CPU.Note: The model will train, but the GPU utilization will be poor and the training might take longer than on CPU.
  warnings.warn(

============================================================
Noise-conditioned PPO on Scenario C, seed=42
  3M steps, 60 ctrl steps
  obs_mode='noise_conditioned' -> policy sees [t/T, noise_params]
============================================================
  [Step 12000] Ep 200: mean F = 0.4683, max F = 0.9901
  [Step 24000] Ep 400: mean F = 0.4711, max F = 0.9813
  [Step 36000] Ep 600: mean F = 0.4561, max F = 0.9941
  [Step 48000] Ep 800: mean F = 0.5115, max F = 0.9861
  [Step 60000] Ep 1000: mean F = 0.4464, max F = 0.9766
  [Step 72000] Ep 1200: mean F = 0.4544, max F = 0.9785
  [Step 84000] Ep 1400: mean F = 0.4516, max F = 0.9841
  [Step 96000] Ep 1600: mean F = 0.4867, max F = 0.9926
  [Step 108000] Ep 1800: mean F = 0.5151, max F = 0.9883
  [Step 120000] Ep 2000: mean F = 0.5076, max F = 0.9930
  [Step 132000] Ep 2200: mean F = 0.4629, max F = 0.9858
  [Step 144000] Ep 2400: mean F = 0.5148, max F = 0.9860
  [Step 156000] Ep 2600: mean F = 0.4713, max F = 0.9895
  [Step 168000] Ep 2800: mean F = 0.4698, max F = 0.9786
  [Step 180000] Ep 3000: mean F = 0.4754, max F = 0.9684
  [Step 192000] Ep 3200: mean F = 0.5053, max F = 0.9836
  [Step 204000] Ep 3400: mean F = 0.4946, max F = 0.9890
  [Step 216000] Ep 3600: mean F = 0.4892, max F = 0.9853
  [Step 228000] Ep 3800: mean F = 0.4506, max F = 0.9840
  [Step 240000] Ep 4000: mean F = 0.4815, max F = 0.9775
  [Step 252000] Ep 4200: mean F = 0.4775, max F = 0.9885
  [Step 264000] Ep 4400: mean F = 0.4918, max F = 0.9910
  [Step 276000] Ep 4600: mean F = 0.5013, max F = 0.9876
  [Step 288000] Ep 4800: mean F = 0.4632, max F = 0.9759
  [Step 300000] Ep 5000: mean F = 0.4901, max F = 0.9922
  [Step 312000] Ep 5200: mean F = 0.4978, max F = 0.9847
  [Step 324000] Ep 5400: mean F = 0.4972, max F = 0.9743
  [Step 336000] Ep 5600: mean F = 0.4978, max F = 0.9878
  [Step 348000] Ep 5800: mean F = 0.4731, max F = 0.9897
  [Step 360000] Ep 6000: mean F = 0.4939, max F = 0.9853
  [Step 372000] Ep 6200: mean F = 0.4525, max F = 0.9673
  [Step 384000] Ep 6400: mean F = 0.5169, max F = 0.9934
  [Step 396000] Ep 6600: mean F = 0.4873, max F = 0.9842
  [Step 408000] Ep 6800: mean F = 0.4864, max F = 0.9882
  [Step 420000] Ep 7000: mean F = 0.5045, max F = 0.9862
  [Step 432000] Ep 7200: mean F = 0.4702, max F = 0.9930
  [Step 444000] Ep 7400: mean F = 0.4777, max F = 0.9898
  [Step 456000] Ep 7600: mean F = 0.4604, max F = 0.9746
  [Step 468000] Ep 7800: mean F = 0.4746, max F = 0.9887
  [Step 480000] Ep 8000: mean F = 0.4879, max F = 0.9805
  [Step 492000] Ep 8200: mean F = 0.4621, max F = 0.9870
  [Step 504000] Ep 8400: mean F = 0.4846, max F = 0.9716
  [Step 516000] Ep 8600: mean F = 0.4993, max F = 0.9814
  [Step 528000] Ep 8800: mean F = 0.4692, max F = 0.9893
  [Step 540000] Ep 9000: mean F = 0.4590, max F = 0.9916
  [Step 552000] Ep 9200: mean F = 0.4964, max F = 0.9900
  [Step 564000] Ep 9400: mean F = 0.4857, max F = 0.9768
  [Step 576000] Ep 9600: mean F = 0.4715, max F = 0.9654
  [Step 588000] Ep 9800: mean F = 0.5072, max F = 0.9854
  [Step 600000] Ep 10000: mean F = 0.4717, max F = 0.9939
  [Step 612000] Ep 10200: mean F = 0.4705, max F = 0.9899
  [Step 624000] Ep 10400: mean F = 0.5037, max F = 0.9911
  [Step 636000] Ep 10600: mean F = 0.4952, max F = 0.9898
  [Step 648000] Ep 10800: mean F = 0.4699, max F = 0.9860
  [Step 660000] Ep 11000: mean F = 0.5123, max F = 0.9944
  [Step 672000] Ep 11200: mean F = 0.4933, max F = 0.9830
  [Step 684000] Ep 11400: mean F = 0.4810, max F = 0.9863
  [Step 696000] Ep 11600: mean F = 0.4834, max F = 0.9780
  [Step 708000] Ep 11800: mean F = 0.4866, max F = 0.9789
  [Step 720000] Ep 12000: mean F = 0.5053, max F = 0.9916
  [Step 732000] Ep 12200: mean F = 0.4889, max F = 0.9614
  [Step 744000] Ep 12400: mean F = 0.4883, max F = 0.9801
  [Step 756000] Ep 12600: mean F = 0.5007, max F = 0.9887
  [Step 768000] Ep 12800: mean F = 0.4569, max F = 0.9877
  [Step 780000] Ep 13000: mean F = 0.4735, max F = 0.9878
  [Step 792000] Ep 13200: mean F = 0.4604, max F = 0.9936
  [Step 804000] Ep 13400: mean F = 0.4776, max F = 0.9848
  [Step 816000] Ep 13600: mean F = 0.4553, max F = 0.9856
  [Step 828000] Ep 13800: mean F = 0.4667, max F = 0.9498
  [Step 840000] Ep 14000: mean F = 0.4903, max F = 0.9878
  [Step 852000] Ep 14200: mean F = 0.4557, max F = 0.9859
  [Step 864000] Ep 14400: mean F = 0.4727, max F = 0.9863
  [Step 876000] Ep 14600: mean F = 0.4510, max F = 0.9923
  [Step 888000] Ep 14800: mean F = 0.4912, max F = 0.9861
  [Step 900000] Ep 15000: mean F = 0.4880, max F = 0.9928
  [Step 912000] Ep 15200: mean F = 0.4760, max F = 0.9886
  [Step 924000] Ep 15400: mean F = 0.4490, max F = 0.9942
  [Step 936000] Ep 15600: mean F = 0.4874, max F = 0.9937
  [Step 948000] Ep 15800: mean F = 0.4967, max F = 0.9714
  [Step 960000] Ep 16000: mean F = 0.4832, max F = 0.9808
  [Step 972000] Ep 16200: mean F = 0.4672, max F = 0.9669
  [Step 984000] Ep 16400: mean F = 0.4754, max F = 0.9837
  [Step 996000] Ep 16600: mean F = 0.4876, max F = 0.9941
  [Step 1008000] Ep 16800: mean F = 0.4817, max F = 0.9892
  [Step 1020000] Ep 17000: mean F = 0.4705, max F = 0.9808
  [Step 1032000] Ep 17200: mean F = 0.4614, max F = 0.9859
  [Step 1044000] Ep 17400: mean F = 0.4808, max F = 0.9903
  [Step 1056000] Ep 17600: mean F = 0.4604, max F = 0.9893
  [Step 1068000] Ep 17800: mean F = 0.5001, max F = 0.9898
  [Step 1080000] Ep 18000: mean F = 0.4704, max F = 0.9844
  [Step 1092000] Ep 18200: mean F = 0.4582, max F = 0.9836
  [Step 1104000] Ep 18400: mean F = 0.5041, max F = 0.9937
  [Step 1116000] Ep 18600: mean F = 0.4834, max F = 0.9877
  [Step 1128000] Ep 18800: mean F = 0.4301, max F = 0.9918
  [Step 1140000] Ep 19000: mean F = 0.4712, max F = 0.9851
  [Step 1152000] Ep 19200: mean F = 0.4663, max F = 0.9858
  [Step 1164000] Ep 19400: mean F = 0.4923, max F = 0.9787
  [Step 1176000] Ep 19600: mean F = 0.5167, max F = 0.9916
  [Step 1188000] Ep 19800: mean F = 0.4943, max F = 0.9890
  [Step 1200000] Ep 20000: mean F = 0.4993, max F = 0.9876
  [Step 1212000] Ep 20200: mean F = 0.4360, max F = 0.9898
  [Step 1224000] Ep 20400: mean F = 0.4455, max F = 0.9887
  [Step 1236000] Ep 20600: mean F = 0.4903, max F = 0.9935
  [Step 1248000] Ep 20800: mean F = 0.4886, max F = 0.9877
  [Step 1260000] Ep 21000: mean F = 0.4639, max F = 0.9925
  [Step 1272000] Ep 21200: mean F = 0.4960, max F = 0.9853
  [Step 1284000] Ep 21400: mean F = 0.4583, max F = 0.9939
  [Step 1296000] Ep 21600: mean F = 0.4641, max F = 0.9918
  [Step 1308000] Ep 21800: mean F = 0.5013, max F = 0.9896
  [Step 1320000] Ep 22000: mean F = 0.4730, max F = 0.9873
  [Step 1332000] Ep 22200: mean F = 0.4935, max F = 0.9942
  [Step 1344000] Ep 22400: mean F = 0.4645, max F = 0.9935
  [Step 1356000] Ep 22600: mean F = 0.4972, max F = 0.9894
  [Step 1368000] Ep 22800: mean F = 0.4934, max F = 0.9939
  [Step 1380000] Ep 23000: mean F = 0.4731, max F = 0.9812
  [Step 1392000] Ep 23200: mean F = 0.4695, max F = 0.9857
  [Step 1404000] Ep 23400: mean F = 0.4559, max F = 0.9885
  [Step 1416000] Ep 23600: mean F = 0.4875, max F = 0.9950
  [Step 1428000] Ep 23800: mean F = 0.5183, max F = 0.9895
  [Step 1440000] Ep 24000: mean F = 0.4698, max F = 0.9801
  [Step 1452000] Ep 24200: mean F = 0.4664, max F = 0.9780
  [Step 1464000] Ep 24400: mean F = 0.4765, max F = 0.9871
  [Step 1476000] Ep 24600: mean F = 0.4509, max F = 0.9904
  [Step 1488000] Ep 24800: mean F = 0.5196, max F = 0.9945
  [Step 1500000] Ep 25000: mean F = 0.4893, max F = 0.9909
  [Step 1512000] Ep 25200: mean F = 0.4823, max F = 0.9921
  [Step 1524000] Ep 25400: mean F = 0.4684, max F = 0.9743
  [Step 1536000] Ep 25600: mean F = 0.4611, max F = 0.9930
  [Step 1548000] Ep 25800: mean F = 0.4889, max F = 0.9951
  [Step 1560000] Ep 26000: mean F = 0.4695, max F = 0.9872
  [Step 1572000] Ep 26200: mean F = 0.5073, max F = 0.9913
  [Step 1584000] Ep 26400: mean F = 0.5066, max F = 0.9674
  [Step 1596000] Ep 26600: mean F = 0.4848, max F = 0.9801
  [Step 1608000] Ep 26800: mean F = 0.5190, max F = 0.9792
  [Step 1620000] Ep 27000: mean F = 0.5178, max F = 0.9895
  [Step 1632000] Ep 27200: mean F = 0.4754, max F = 0.9881
  [Step 1644000] Ep 27400: mean F = 0.5055, max F = 0.9904
  [Step 1656000] Ep 27600: mean F = 0.4891, max F = 0.9906
  [Step 1668000] Ep 27800: mean F = 0.4562, max F = 0.9810
  [Step 1680000] Ep 28000: mean F = 0.4726, max F = 0.9876
  [Step 1692000] Ep 28200: mean F = 0.4661, max F = 0.9949
  [Step 1704000] Ep 28400: mean F = 0.4578, max F = 0.9813
  [Step 1716000] Ep 28600: mean F = 0.4875, max F = 0.9900
  [Step 1728000] Ep 28800: mean F = 0.5252, max F = 0.9790
  [Step 1740000] Ep 29000: mean F = 0.4865, max F = 0.9877
  [Step 1752000] Ep 29200: mean F = 0.4444, max F = 0.9793
  [Step 1764000] Ep 29400: mean F = 0.4485, max F = 0.9759
  [Step 1776000] Ep 29600: mean F = 0.4535, max F = 0.9917
  [Step 1788000] Ep 29800: mean F = 0.5048, max F = 0.9896
  [Step 1800000] Ep 30000: mean F = 0.4882, max F = 0.9715
  [Step 1812000] Ep 30200: mean F = 0.4868, max F = 0.9822
  [Step 1824000] Ep 30400: mean F = 0.4562, max F = 0.9756
  [Step 1836000] Ep 30600: mean F = 0.4839, max F = 0.9882
  [Step 1848000] Ep 30800: mean F = 0.4976, max F = 0.9840
  [Step 1860000] Ep 31000: mean F = 0.4959, max F = 0.9855
  [Step 1872000] Ep 31200: mean F = 0.4901, max F = 0.9875
  [Step 1884000] Ep 31400: mean F = 0.4967, max F = 0.9923
  [Step 1896000] Ep 31600: mean F = 0.4877, max F = 0.9792
  [Step 1908000] Ep 31800: mean F = 0.4909, max F = 0.9811
  [Step 1920000] Ep 32000: mean F = 0.4854, max F = 0.9669
  [Step 1932000] Ep 32200: mean F = 0.5178, max F = 0.9941
  [Step 1944000] Ep 32400: mean F = 0.4751, max F = 0.9762
  [Step 1956000] Ep 32600: mean F = 0.4780, max F = 0.9812
  [Step 1968000] Ep 32800: mean F = 0.4897, max F = 0.9915
  [Step 1980000] Ep 33000: mean F = 0.5017, max F = 0.9932
  [Step 1992000] Ep 33200: mean F = 0.4835, max F = 0.9856
  [Step 2004000] Ep 33400: mean F = 0.4809, max F = 0.9922
  [Step 2016000] Ep 33600: mean F = 0.4847, max F = 0.9898
  [Step 2028000] Ep 33800: mean F = 0.4651, max F = 0.9904
  [Step 2040000] Ep 34000: mean F = 0.5018, max F = 0.9945
  [Step 2052000] Ep 34200: mean F = 0.4821, max F = 0.9827
  [Step 2064000] Ep 34400: mean F = 0.4835, max F = 0.9892
  [Step 2076000] Ep 34600: mean F = 0.4698, max F = 0.9871
  [Step 2088000] Ep 34800: mean F = 0.4952, max F = 0.9523
  [Step 2100000] Ep 35000: mean F = 0.4580, max F = 0.9826
  [Step 2112000] Ep 35200: mean F = 0.4721, max F = 0.9867
  [Step 2124000] Ep 35400: mean F = 0.4744, max F = 0.9782
  [Step 2136000] Ep 35600: mean F = 0.4774, max F = 0.9838
  [Step 2148000] Ep 35800: mean F = 0.4682, max F = 0.9933
  [Step 2160000] Ep 36000: mean F = 0.4997, max F = 0.9876
  [Step 2172000] Ep 36200: mean F = 0.4844, max F = 0.9831
  [Step 2184000] Ep 36400: mean F = 0.4647, max F = 0.9908
  [Step 2196000] Ep 36600: mean F = 0.4848, max F = 0.9854
  [Step 2208000] Ep 36800: mean F = 0.5164, max F = 0.9877
  [Step 2220000] Ep 37000: mean F = 0.4879, max F = 0.9793
  [Step 2232000] Ep 37200: mean F = 0.5137, max F = 0.9841
  [Step 2244000] Ep 37400: mean F = 0.4866, max F = 0.9700
  [Step 2256000] Ep 37600: mean F = 0.4969, max F = 0.9850
  [Step 2268000] Ep 37800: mean F = 0.4865, max F = 0.9920
  [Step 2280000] Ep 38000: mean F = 0.4684, max F = 0.9823
  [Step 2292000] Ep 38200: mean F = 0.4920, max F = 0.9843
  [Step 2304000] Ep 38400: mean F = 0.4454, max F = 0.9880
  [Step 2316000] Ep 38600: mean F = 0.4921, max F = 0.9809
  [Step 2328000] Ep 38800: mean F = 0.4977, max F = 0.9899
  [Step 2340000] Ep 39000: mean F = 0.5105, max F = 0.9762
  [Step 2352000] Ep 39200: mean F = 0.4715, max F = 0.9832
  [Step 2364000] Ep 39400: mean F = 0.4638, max F = 0.9771
  [Step 2376000] Ep 39600: mean F = 0.5036, max F = 0.9811
  [Step 2388000] Ep 39800: mean F = 0.4500, max F = 0.9891
  [Step 2400000] Ep 40000: mean F = 0.4700, max F = 0.9921
  [Step 2412000] Ep 40200: mean F = 0.4828, max F = 0.9909
  [Step 2424000] Ep 40400: mean F = 0.5198, max F = 0.9830
  [Step 2436000] Ep 40600: mean F = 0.4955, max F = 0.9887
  [Step 2448000] Ep 40800: mean F = 0.4772, max F = 0.9952
  [Step 2460000] Ep 41000: mean F = 0.5174, max F = 0.9924
  [Step 2472000] Ep 41200: mean F = 0.4636, max F = 0.9942
  [Step 2484000] Ep 41400: mean F = 0.4639, max F = 0.9875
  [Step 2496000] Ep 41600: mean F = 0.5080, max F = 0.9761
  [Step 2508000] Ep 41800: mean F = 0.5029, max F = 0.9901
  [Step 2520000] Ep 42000: mean F = 0.4822, max F = 0.9921
  [Step 2532000] Ep 42200: mean F = 0.4535, max F = 0.9938
  [Step 2544000] Ep 42400: mean F = 0.4854, max F = 0.9855
  [Step 2556000] Ep 42600: mean F = 0.4952, max F = 0.9908
  [Step 2568000] Ep 42800: mean F = 0.4819, max F = 0.9865
  [Step 2580000] Ep 43000: mean F = 0.4961, max F = 0.9834
  [Step 2592000] Ep 43200: mean F = 0.5073, max F = 0.9917
  [Step 2604000] Ep 43400: mean F = 0.4595, max F = 0.9809
  [Step 2616000] Ep 43600: mean F = 0.4743, max F = 0.9797
  [Step 2628000] Ep 43800: mean F = 0.4861, max F = 0.9930
  [Step 2640000] Ep 44000: mean F = 0.4826, max F = 0.9935
  [Step 2652000] Ep 44200: mean F = 0.4859, max F = 0.9841
  [Step 2664000] Ep 44400: mean F = 0.4693, max F = 0.9932
  [Step 2676000] Ep 44600: mean F = 0.4847, max F = 0.9922
  [Step 2688000] Ep 44800: mean F = 0.4547, max F = 0.9923
  [Step 2700000] Ep 45000: mean F = 0.4626, max F = 0.9900
  [Step 2712000] Ep 45200: mean F = 0.4537, max F = 0.9862
  [Step 2724000] Ep 45400: mean F = 0.4944, max F = 0.9906
  [Step 2736000] Ep 45600: mean F = 0.4629, max F = 0.9936
  [Step 2748000] Ep 45800: mean F = 0.4671, max F = 0.9922
  [Step 2760000] Ep 46000: mean F = 0.4981, max F = 0.9899
  [Step 2772000] Ep 46200: mean F = 0.5114, max F = 0.9955
  [Step 2784000] Ep 46400: mean F = 0.4885, max F = 0.9935
  [Step 2796000] Ep 46600: mean F = 0.4645, max F = 0.9783
  [Step 2808000] Ep 46800: mean F = 0.4725, max F = 0.9765
  [Step 2820000] Ep 47000: mean F = 0.4410, max F = 0.9838
  [Step 2832000] Ep 47200: mean F = 0.4487, max F = 0.9764
  [Step 2844000] Ep 47400: mean F = 0.4447, max F = 0.9812
  [Step 2856000] Ep 47600: mean F = 0.4792, max F = 0.9914
  [Step 2868000] Ep 47800: mean F = 0.5148, max F = 0.9903
  [Step 2880000] Ep 48000: mean F = 0.4650, max F = 0.9797
  [Step 2892000] Ep 48200: mean F = 0.4652, max F = 0.9756
  [Step 2904000] Ep 48400: mean F = 0.5015, max F = 0.9938
  [Step 2916000] Ep 48600: mean F = 0.5096, max F = 0.9946
  [Step 2928000] Ep 48800: mean F = 0.4736, max F = 0.9836
  [Step 2940000] Ep 49000: mean F = 0.4735, max F = 0.9791
  [Step 2952000] Ep 49200: mean F = 0.4818, max F = 0.9939
  [Step 2964000] Ep 49400: mean F = 0.4851, max F = 0.9946
  [Step 2976000] Ep 49600: mean F = 0.4876, max F = 0.9831
  [Step 2988000] Ep 49800: mean F = 0.4722, max F = 0.9930
  [Step 3000000] Ep 50000: mean F = 0.4840, max F = 0.9740
  Seed 42: 6195.3s, final mean F = 0.4928

============================================================
Noise-conditioned PPO on Scenario C, seed=153
  3M steps, 60 ctrl steps
  obs_mode='noise_conditioned' -> policy sees [t/T, noise_params]
============================================================
  [Step 12000] Ep 200: mean F = 0.4934, max F = 0.9866
  [Step 24000] Ep 400: mean F = 0.5098, max F = 0.9770
  [Step 36000] Ep 600: mean F = 0.4626, max F = 0.9914
  [Step 48000] Ep 800: mean F = 0.4696, max F = 0.9838
  [Step 60000] Ep 1000: mean F = 0.4999, max F = 0.9923
  [Step 72000] Ep 1200: mean F = 0.4808, max F = 0.9844
  [Step 84000] Ep 1400: mean F = 0.4740, max F = 0.9898
  [Step 96000] Ep 1600: mean F = 0.5091, max F = 0.9876
  [Step 108000] Ep 1800: mean F = 0.4745, max F = 0.9828
  [Step 120000] Ep 2000: mean F = 0.4555, max F = 0.9747
  [Step 132000] Ep 2200: mean F = 0.4759, max F = 0.9927
  [Step 144000] Ep 2400: mean F = 0.4928, max F = 0.9866
  [Step 156000] Ep 2600: mean F = 0.4877, max F = 0.9888
  [Step 168000] Ep 2800: mean F = 0.4680, max F = 0.9872
  [Step 180000] Ep 3000: mean F = 0.4535, max F = 0.9847
  [Step 192000] Ep 3200: mean F = 0.4663, max F = 0.9875
  [Step 204000] Ep 3400: mean F = 0.4755, max F = 0.9876
  [Step 216000] Ep 3600: mean F = 0.4986, max F = 0.9855
  [Step 228000] Ep 3800: mean F = 0.5022, max F = 0.9823
  [Step 240000] Ep 4000: mean F = 0.5080, max F = 0.9890
