2026-04-10 03:01:49.515393: I tensorflow/core/util/port.cc:153] oneDNN custom operations are on. You may see slightly different numerical results due to floating-point round-off errors from different computation orders. To turn them off, set the environment variable `TF_ENABLE_ONEDNN_OPTS=0`.
2026-04-10 03:01:49.566550: I tensorflow/core/platform/cpu_feature_guard.cc:210] This TensorFlow binary is optimized to use available CPU instructions in performance-critical operations.
To enable the following instructions: AVX2 AVX512F AVX512_VNNI AVX512_BF16 AVX512_FP16 AVX_VNNI AMX_TILE AMX_INT8 AMX_BF16 FMA, in other operations, rebuild TensorFlow with the appropriate compiler flags.
2026-04-10 03:01:50.740630: I tensorflow/core/util/port.cc:153] oneDNN custom operations are on. You may see slightly different numerical results due to floating-point round-off errors from different computation orders. To turn them off, set the environment variable `TF_ENABLE_ONEDNN_OPTS=0`.

############################################################
# SCENARIO C: High-noise / RL-advantage regime (3x amplified noise)
############################################################

============================================================
Training PPO on Scenario C, seed=42
============================================================
  [Step 3000] Ep 100: mean F = 0.4914, max = 0.9832
  [Step 6000] Ep 200: mean F = 0.5005, max = 0.9861
  [Step 9000] Ep 300: mean F = 0.5279, max = 0.9790
  [Step 12000] Ep 400: mean F = 0.5210, max = 0.9923
  [Step 15000] Ep 500: mean F = 0.5647, max = 0.9853
  [Step 18000] Ep 600: mean F = 0.5789, max = 0.9863
  [Step 21000] Ep 700: mean F = 0.5604, max = 0.9795
  [Step 24000] Ep 800: mean F = 0.6630, max = 0.9811
  [Step 27000] Ep 900: mean F = 0.6516, max = 0.9819
  [Step 30000] Ep 1000: mean F = 0.6507, max = 0.9815
  [Step 33000] Ep 1100: mean F = 0.6079, max = 0.9788
  [Step 36000] Ep 1200: mean F = 0.6541, max = 0.9914
  [Step 39000] Ep 1300: mean F = 0.7180, max = 0.9784
  [Step 42000] Ep 1400: mean F = 0.6946, max = 0.9862
  [Step 45000] Ep 1500: mean F = 0.7108, max = 0.9733
  [Step 48000] Ep 1600: mean F = 0.7272, max = 0.9814
  [Step 51000] Ep 1700: mean F = 0.6561, max = 0.9796
  [Step 54000] Ep 1800: mean F = 0.7290, max = 0.9853
  [Step 57000] Ep 1900: mean F = 0.7217, max = 0.9803
  [Step 60000] Ep 2000: mean F = 0.7082, max = 0.9876
  [Step 63000] Ep 2100: mean F = 0.7445, max = 0.9805
  [Step 66000] Ep 2200: mean F = 0.7108, max = 0.9804
  [Step 69000] Ep 2300: mean F = 0.7494, max = 0.9732
  [Step 72000] Ep 2400: mean F = 0.7502, max = 0.9832
  [Step 75000] Ep 2500: mean F = 0.7653, max = 0.9844
  [Step 78000] Ep 2600: mean F = 0.7230, max = 0.9828
  [Step 81000] Ep 2700: mean F = 0.7451, max = 0.9816
  [Step 84000] Ep 2800: mean F = 0.7741, max = 0.9849
  [Step 87000] Ep 2900: mean F = 0.7603, max = 0.9799
  [Step 90000] Ep 3000: mean F = 0.7125, max = 0.9809
  [Step 93000] Ep 3100: mean F = 0.7689, max = 0.9745
  [Step 96000] Ep 3200: mean F = 0.7425, max = 0.9803
  [Step 99000] Ep 3300: mean F = 0.7848, max = 0.9847
  [Step 102000] Ep 3400: mean F = 0.7281, max = 0.9866
  [Step 105000] Ep 3500: mean F = 0.7230, max = 0.9761
  [Step 108000] Ep 3600: mean F = 0.6818, max = 0.9771
  [Step 111000] Ep 3700: mean F = 0.7246, max = 0.9731
  [Step 114000] Ep 3800: mean F = 0.7271, max = 0.9883
  [Step 117000] Ep 3900: mean F = 0.7629, max = 0.9830
  [Step 120000] Ep 4000: mean F = 0.7747, max = 0.9808
  [Step 123000] Ep 4100: mean F = 0.7716, max = 0.9855
  [Step 126000] Ep 4200: mean F = 0.7276, max = 0.9715
  [Step 129000] Ep 4300: mean F = 0.7651, max = 0.9775
  [Step 132000] Ep 4400: mean F = 0.7296, max = 0.9752
  [Step 135000] Ep 4500: mean F = 0.7443, max = 0.9816
  [Step 138000] Ep 4600: mean F = 0.7706, max = 0.9816
  [Step 141000] Ep 4700: mean F = 0.7541, max = 0.9787
  [Step 144000] Ep 4800: mean F = 0.7703, max = 0.9869
  [Step 147000] Ep 4900: mean F = 0.7546, max = 0.9905
  [Step 150000] Ep 5000: mean F = 0.7533, max = 0.9829
  [Step 153000] Ep 5100: mean F = 0.7398, max = 0.9816
  [Step 156000] Ep 5200: mean F = 0.7502, max = 0.9641
  [Step 159000] Ep 5300: mean F = 0.7569, max = 0.9771
  [Step 162000] Ep 5400: mean F = 0.7605, max = 0.9804
  [Step 165000] Ep 5500: mean F = 0.7842, max = 0.9783
  [Step 168000] Ep 5600: mean F = 0.7750, max = 0.9779
  [Step 171000] Ep 5700: mean F = 0.7649, max = 0.9881
  [Step 174000] Ep 5800: mean F = 0.7296, max = 0.9853
  [Step 177000] Ep 5900: mean F = 0.7717, max = 0.9784
  [Step 180000] Ep 6000: mean F = 0.7776, max = 0.9791
  [Step 183000] Ep 6100: mean F = 0.7747, max = 0.9625
  [Step 186000] Ep 6200: mean F = 0.7689, max = 0.9808
  [Step 189000] Ep 6300: mean F = 0.7816, max = 0.9821
  [Step 192000] Ep 6400: mean F = 0.7835, max = 0.9854
  [Step 195000] Ep 6500: mean F = 0.7722, max = 0.9826
  [Step 198000] Ep 6600: mean F = 0.7435, max = 0.9806
  [Step 201000] Ep 6700: mean F = 0.7905, max = 0.9803
  [Step 204000] Ep 6800: mean F = 0.7932, max = 0.9675
  [Step 207000] Ep 6900: mean F = 0.7420, max = 0.9782
  [Step 210000] Ep 7000: mean F = 0.7868, max = 0.9756
  [Step 213000] Ep 7100: mean F = 0.7731, max = 0.9800
  [Step 216000] Ep 7200: mean F = 0.7459, max = 0.9829
  [Step 219000] Ep 7300: mean F = 0.7695, max = 0.9763
  [Step 222000] Ep 7400: mean F = 0.8024, max = 0.9867
  [Step 225000] Ep 7500: mean F = 0.7555, max = 0.9833
  [Step 228000] Ep 7600: mean F = 0.7909, max = 0.9796
  [Step 231000] Ep 7700: mean F = 0.7548, max = 0.9694
  [Step 234000] Ep 7800: mean F = 0.7625, max = 0.9818
  [Step 237000] Ep 7900: mean F = 0.7637, max = 0.9858
  [Step 240000] Ep 8000: mean F = 0.7891, max = 0.9813
  [Step 243000] Ep 8100: mean F = 0.7992, max = 0.9872
  [Step 246000] Ep 8200: mean F = 0.7676, max = 0.9854
  [Step 249000] Ep 8300: mean F = 0.8129, max = 0.9871
  [Step 252000] Ep 8400: mean F = 0.7812, max = 0.9702
  [Step 255000] Ep 8500: mean F = 0.7656, max = 0.9903
  [Step 258000] Ep 8600: mean F = 0.8098, max = 0.9894
  [Step 261000] Ep 8700: mean F = 0.7872, max = 0.9786
  [Step 264000] Ep 8800: mean F = 0.7775, max = 0.9664
  [Step 267000] Ep 8900: mean F = 0.7972, max = 0.9809
  [Step 270000] Ep 9000: mean F = 0.7791, max = 0.9726
  [Step 273000] Ep 9100: mean F = 0.8006, max = 0.9877
  [Step 276000] Ep 9200: mean F = 0.7502, max = 0.9792
  [Step 279000] Ep 9300: mean F = 0.8011, max = 0.9825
  [Step 282000] Ep 9400: mean F = 0.7933, max = 0.9804
  [Step 285000] Ep 9500: mean F = 0.7788, max = 0.9841
  [Step 288000] Ep 9600: mean F = 0.7641, max = 0.9671
  [Step 291000] Ep 9700: mean F = 0.7623, max = 0.9833
  [Step 294000] Ep 9800: mean F = 0.7877, max = 0.9844
  [Step 297000] Ep 9900: mean F = 0.7855, max = 0.9800
  [Step 300000] Ep 10000: mean F = 0.7546, max = 0.9716
  [Step 303000] Ep 10100: mean F = 0.8072, max = 0.9841
  [Step 306000] Ep 10200: mean F = 0.7291, max = 0.9872
  [Step 309000] Ep 10300: mean F = 0.7986, max = 0.9903
  [Step 312000] Ep 10400: mean F = 0.7718, max = 0.9880
  [Step 315000] Ep 10500: mean F = 0.7743, max = 0.9723
  [Step 318000] Ep 10600: mean F = 0.7986, max = 0.9800
  [Step 321000] Ep 10700: mean F = 0.7959, max = 0.9781
  [Step 324000] Ep 10800: mean F = 0.7741, max = 0.9782
  [Step 327000] Ep 10900: mean F = 0.7903, max = 0.9824
  [Step 330000] Ep 11000: mean F = 0.8062, max = 0.9784
  [Step 333000] Ep 11100: mean F = 0.7794, max = 0.9884
  [Step 336000] Ep 11200: mean F = 0.7635, max = 0.9837
  [Step 339000] Ep 11300: mean F = 0.7841, max = 0.9806
  [Step 342000] Ep 11400: mean F = 0.7670, max = 0.9751
  [Step 345000] Ep 11500: mean F = 0.8018, max = 0.9733
  [Step 348000] Ep 11600: mean F = 0.7647, max = 0.9688
  [Step 351000] Ep 11700: mean F = 0.7548, max = 0.9789
  [Step 354000] Ep 11800: mean F = 0.7486, max = 0.9804
  [Step 357000] Ep 11900: mean F = 0.7984, max = 0.9744
  [Step 360000] Ep 12000: mean F = 0.7797, max = 0.9887
  [Step 363000] Ep 12100: mean F = 0.7482, max = 0.9763
  [Step 366000] Ep 12200: mean F = 0.7524, max = 0.9834
  [Step 369000] Ep 12300: mean F = 0.8125, max = 0.9855
  [Step 372000] Ep 12400: mean F = 0.7623, max = 0.9749
  [Step 375000] Ep 12500: mean F = 0.7775, max = 0.9810
  [Step 378000] Ep 12600: mean F = 0.7786, max = 0.9791
  [Step 381000] Ep 12700: mean F = 0.7834, max = 0.9773
  [Step 384000] Ep 12800: mean F = 0.7877, max = 0.9854
  [Step 387000] Ep 12900: mean F = 0.7761, max = 0.9872
  [Step 390000] Ep 13000: mean F = 0.7769, max = 0.9861
  [Step 393000] Ep 13100: mean F = 0.7829, max = 0.9852
  [Step 396000] Ep 13200: mean F = 0.8255, max = 0.9779
  [Step 399000] Ep 13300: mean F = 0.7784, max = 0.9726
  [Step 402000] Ep 13400: mean F = 0.7997, max = 0.9718
  [Step 405000] Ep 13500: mean F = 0.7942, max = 0.9865
  [Step 408000] Ep 13600: mean F = 0.7757, max = 0.9881
  [Step 411000] Ep 13700: mean F = 0.8101, max = 0.9876
  [Step 414000] Ep 13800: mean F = 0.7843, max = 0.9852
  [Step 417000] Ep 13900: mean F = 0.7893, max = 0.9895
  [Step 420000] Ep 14000: mean F = 0.7805, max = 0.9720
  [Step 423000] Ep 14100: mean F = 0.7947, max = 0.9844
  [Step 426000] Ep 14200: mean F = 0.7967, max = 0.9715
  [Step 429000] Ep 14300: mean F = 0.7813, max = 0.9859
  [Step 432000] Ep 14400: mean F = 0.8096, max = 0.9873
  [Step 435000] Ep 14500: mean F = 0.7716, max = 0.9852
  [Step 438000] Ep 14600: mean F = 0.7907, max = 0.9826
  [Step 441000] Ep 14700: mean F = 0.7708, max = 0.9883
  [Step 444000] Ep 14800: mean F = 0.7758, max = 0.9792
  [Step 447000] Ep 14900: mean F = 0.8155, max = 0.9857
  [Step 450000] Ep 15000: mean F = 0.7979, max = 0.9869
  [Step 453000] Ep 15100: mean F = 0.8015, max = 0.9872
  [Step 456000] Ep 15200: mean F = 0.8064, max = 0.9828
  [Step 459000] Ep 15300: mean F = 0.7875, max = 0.9870
  [Step 462000] Ep 15400: mean F = 0.7886, max = 0.9825
  [Step 465000] Ep 15500: mean F = 0.7991, max = 0.9861
  [Step 468000] Ep 15600: mean F = 0.8132, max = 0.9843
  [Step 471000] Ep 15700: mean F = 0.7589, max = 0.9819
  [Step 474000] Ep 15800: mean F = 0.7865, max = 0.9818
  [Step 477000] Ep 15900: mean F = 0.7943, max = 0.9844
  [Step 480000] Ep 16000: mean F = 0.8138, max = 0.9846
  [Step 483000] Ep 16100: mean F = 0.8154, max = 0.9786
  [Step 486000] Ep 16200: mean F = 0.7963, max = 0.9763
  [Step 489000] Ep 16300: mean F = 0.7897, max = 0.9776
  [Step 492000] Ep 16400: mean F = 0.7738, max = 0.9879
  [Step 495000] Ep 16500: mean F = 0.7952, max = 0.9805
  [Step 498000] Ep 16600: mean F = 0.7727, max = 0.9819
  [Step 501000] Ep 16700: mean F = 0.8019, max = 0.9800
  [Step 504000] Ep 16800: mean F = 0.7866, max = 0.9840
  [Step 507000] Ep 16900: mean F = 0.7955, max = 0.9871
  [Step 510000] Ep 17000: mean F = 0.8010, max = 0.9855
  [Step 513000] Ep 17100: mean F = 0.7700, max = 0.9835
  [Step 516000] Ep 17200: mean F = 0.7808, max = 0.9893
  [Step 519000] Ep 17300: mean F = 0.7911, max = 0.9905
  [Step 522000] Ep 17400: mean F = 0.8113, max = 0.9821
  [Step 525000] Ep 17500: mean F = 0.7390, max = 0.9841
  [Step 528000] Ep 17600: mean F = 0.7772, max = 0.9854
  [Step 531000] Ep 17700: mean F = 0.8086, max = 0.9808
  [Step 534000] Ep 17800: mean F = 0.8000, max = 0.9876
  [Step 537000] Ep 17900: mean F = 0.8141, max = 0.9807
  [Step 540000] Ep 18000: mean F = 0.7852, max = 0.9835
  [Step 543000] Ep 18100: mean F = 0.8068, max = 0.9842
  [Step 546000] Ep 18200: mean F = 0.7993, max = 0.9866
  [Step 549000] Ep 18300: mean F = 0.7877, max = 0.9857
  [Step 552000] Ep 18400: mean F = 0.8126, max = 0.9829
  [Step 555000] Ep 18500: mean F = 0.8120, max = 0.9799
  [Step 558000] Ep 18600: mean F = 0.8320, max = 0.9859
  [Step 561000] Ep 18700: mean F = 0.8148, max = 0.9827
  [Step 564000] Ep 18800: mean F = 0.7784, max = 0.9880
  [Step 567000] Ep 18900: mean F = 0.8130, max = 0.9815
  [Step 570000] Ep 19000: mean F = 0.8068, max = 0.9831
  [Step 573000] Ep 19100: mean F = 0.7753, max = 0.9847
  [Step 576000] Ep 19200: mean F = 0.7935, max = 0.9858
  [Step 579000] Ep 19300: mean F = 0.7678, max = 0.9869
  [Step 582000] Ep 19400: mean F = 0.7576, max = 0.9826
  [Step 585000] Ep 19500: mean F = 0.8185, max = 0.9882
  [Step 588000] Ep 19600: mean F = 0.8207, max = 0.9875
  [Step 591000] Ep 19700: mean F = 0.7791, max = 0.9835
  [Step 594000] Ep 19800: mean F = 0.7589, max = 0.9869
  [Step 597000] Ep 19900: mean F = 0.7831, max = 0.9827
  [Step 600000] Ep 20000: mean F = 0.8268, max = 0.9853
  [Step 603000] Ep 20100: mean F = 0.8109, max = 0.9876
  [Step 606000] Ep 20200: mean F = 0.8244, max = 0.9872
  [Step 609000] Ep 20300: mean F = 0.8133, max = 0.9837
  [Step 612000] Ep 20400: mean F = 0.8012, max = 0.9860
  [Step 615000] Ep 20500: mean F = 0.8069, max = 0.9846
  [Step 618000] Ep 20600: mean F = 0.8016, max = 0.9838
  [Step 621000] Ep 20700: mean F = 0.7786, max = 0.9769
  [Step 624000] Ep 20800: mean F = 0.7956, max = 0.9858
  [Step 627000] Ep 20900: mean F = 0.8184, max = 0.9778
  [Step 630000] Ep 21000: mean F = 0.7987, max = 0.9849
  [Step 633000] Ep 21100: mean F = 0.7963, max = 0.9830
  [Step 636000] Ep 21200: mean F = 0.8147, max = 0.9861
  [Step 639000] Ep 21300: mean F = 0.8107, max = 0.9863
  [Step 642000] Ep 21400: mean F = 0.8131, max = 0.9845
  [Step 645000] Ep 21500: mean F = 0.7999, max = 0.9884
  [Step 648000] Ep 21600: mean F = 0.7753, max = 0.9848
  [Step 651000] Ep 21700: mean F = 0.8285, max = 0.9825
  [Step 654000] Ep 21800: mean F = 0.8215, max = 0.9892
  [Step 657000] Ep 21900: mean F = 0.8079, max = 0.9872
  [Step 660000] Ep 22000: mean F = 0.8072, max = 0.9893
  [Step 663000] Ep 22100: mean F = 0.8276, max = 0.9881
  [Step 666000] Ep 22200: mean F = 0.8302, max = 0.9844
  [Step 669000] Ep 22300: mean F = 0.7539, max = 0.9863
  [Step 672000] Ep 22400: mean F = 0.8047, max = 0.9866
  [Step 675000] Ep 22500: mean F = 0.7842, max = 0.9788
  [Step 678000] Ep 22600: mean F = 0.8337, max = 0.9869
  [Step 681000] Ep 22700: mean F = 0.7710, max = 0.9855
  [Step 684000] Ep 22800: mean F = 0.8297, max = 0.9852
  [Step 687000] Ep 22900: mean F = 0.8485, max = 0.9893
  [Step 690000] Ep 23000: mean F = 0.8390, max = 0.9864
  [Step 693000] Ep 23100: mean F = 0.8084, max = 0.9775
  [Step 696000] Ep 23200: mean F = 0.7707, max = 0.9834
  [Step 699000] Ep 23300: mean F = 0.8307, max = 0.9810
  [Step 702000] Ep 23400: mean F = 0.7905, max = 0.9885
  [Step 705000] Ep 23500: mean F = 0.8217, max = 0.9887
  [Step 708000] Ep 23600: mean F = 0.8519, max = 0.9856
  [Step 711000] Ep 23700: mean F = 0.7950, max = 0.9875
  [Step 714000] Ep 23800: mean F = 0.8125, max = 0.9876
  [Step 717000] Ep 23900: mean F = 0.8130, max = 0.9890
  [Step 720000] Ep 24000: mean F = 0.8372, max = 0.9873
  [Step 723000] Ep 24100: mean F = 0.8436, max = 0.9909
  [Step 726000] Ep 24200: mean F = 0.7872, max = 0.9815
  [Step 729000] Ep 24300: mean F = 0.7623, max = 0.9906
  [Step 732000] Ep 24400: mean F = 0.8371, max = 0.9822
  [Step 735000] Ep 24500: mean F = 0.8407, max = 0.9825
  [Step 738000] Ep 24600: mean F = 0.8220, max = 0.9873
  [Step 741000] Ep 24700: mean F = 0.8434, max = 0.9864
  [Step 744000] Ep 24800: mean F = 0.8598, max = 0.9871
  [Step 747000] Ep 24900: mean F = 0.8107, max = 0.9800
  [Step 750000] Ep 25000: mean F = 0.8225, max = 0.9839
  [Step 753000] Ep 25100: mean F = 0.8154, max = 0.9844
  [Step 756000] Ep 25200: mean F = 0.8137, max = 0.9867
  [Step 759000] Ep 25300: mean F = 0.8455, max = 0.9908
  [Step 762000] Ep 25400: mean F = 0.7911, max = 0.9872
  [Step 765000] Ep 25500: mean F = 0.8592, max = 0.9826
  [Step 768000] Ep 25600: mean F = 0.8280, max = 0.9863
  [Step 771000] Ep 25700: mean F = 0.7697, max = 0.9821
  [Step 774000] Ep 25800: mean F = 0.8319, max = 0.9882
  [Step 777000] Ep 25900: mean F = 0.8325, max = 0.9856
  [Step 780000] Ep 26000: mean F = 0.8059, max = 0.9883
  [Step 783000] Ep 26100: mean F = 0.8394, max = 0.9861
  [Step 786000] Ep 26200: mean F = 0.8254, max = 0.9852
  [Step 789000] Ep 26300: mean F = 0.7654, max = 0.9829
  [Step 792000] Ep 26400: mean F = 0.8465, max = 0.9838
  [Step 795000] Ep 26500: mean F = 0.8151, max = 0.9913
  [Step 798000] Ep 26600: mean F = 0.8217, max = 0.9797
  [Step 801000] Ep 26700: mean F = 0.8016, max = 0.9826
  [Step 804000] Ep 26800: mean F = 0.8225, max = 0.9814
  [Step 807000] Ep 26900: mean F = 0.7999, max = 0.9839
  [Step 810000] Ep 27000: mean F = 0.7819, max = 0.9810
  [Step 813000] Ep 27100: mean F = 0.8138, max = 0.9840
  [Step 816000] Ep 27200: mean F = 0.8195, max = 0.9815
  [Step 819000] Ep 27300: mean F = 0.8271, max = 0.9835
  [Step 822000] Ep 27400: mean F = 0.8145, max = 0.9840
  [Step 825000] Ep 27500: mean F = 0.8306, max = 0.9908
  [Step 828000] Ep 27600: mean F = 0.8044, max = 0.9850
  [Step 831000] Ep 27700: mean F = 0.8083, max = 0.9822
  [Step 834000] Ep 27800: mean F = 0.8266, max = 0.9849
  [Step 837000] Ep 27900: mean F = 0.8141, max = 0.9887
  [Step 840000] Ep 28000: mean F = 0.8281, max = 0.9848
  [Step 843000] Ep 28100: mean F = 0.8015, max = 0.9822
  [Step 846000] Ep 28200: mean F = 0.8661, max = 0.9776
  [Step 849000] Ep 28300: mean F = 0.8310, max = 0.9811
  [Step 852000] Ep 28400: mean F = 0.7985, max = 0.9837
  [Step 855000] Ep 28500: mean F = 0.7859, max = 0.9872
  [Step 858000] Ep 28600: mean F = 0.8160, max = 0.9841
  [Step 861000] Ep 28700: mean F = 0.8399, max = 0.9826
  [Step 864000] Ep 28800: mean F = 0.8176, max = 0.9844
  [Step 867000] Ep 28900: mean F = 0.8247, max = 0.9846
  [Step 870000] Ep 29000: mean F = 0.8452, max = 0.9883
  [Step 873000] Ep 29100: mean F = 0.8235, max = 0.9831
  [Step 876000] Ep 29200: mean F = 0.8514, max = 0.9870
  [Step 879000] Ep 29300: mean F = 0.8297, max = 0.9832
  [Step 882000] Ep 29400: mean F = 0.8003, max = 0.9884
  [Step 885000] Ep 29500: mean F = 0.8306, max = 0.9870
  [Step 888000] Ep 29600: mean F = 0.8204, max = 0.9848
  [Step 891000] Ep 29700: mean F = 0.8025, max = 0.9837
  [Step 894000] Ep 29800: mean F = 0.8281, max = 0.9851
  [Step 897000] Ep 29900: mean F = 0.8266, max = 0.9853
  [Step 900000] Ep 30000: mean F = 0.8306, max = 0.9865
  [Step 903000] Ep 30100: mean F = 0.7923, max = 0.9828
  [Step 906000] Ep 30200: mean F = 0.8337, max = 0.9800
  [Step 909000] Ep 30300: mean F = 0.7970, max = 0.9853
  [Step 912000] Ep 30400: mean F = 0.8090, max = 0.9883
  [Step 915000] Ep 30500: mean F = 0.8015, max = 0.9885
  [Step 918000] Ep 30600: mean F = 0.8461, max = 0.9840
  [Step 921000] Ep 30700: mean F = 0.7856, max = 0.9894
  [Step 924000] Ep 30800: mean F = 0.8055, max = 0.9866
  [Step 927000] Ep 30900: mean F = 0.8265, max = 0.9872
  [Step 930000] Ep 31000: mean F = 0.8032, max = 0.9867
  [Step 933000] Ep 31100: mean F = 0.7989, max = 0.9891
  [Step 936000] Ep 31200: mean F = 0.7921, max = 0.9864
  [Step 939000] Ep 31300: mean F = 0.8220, max = 0.9860
  [Step 942000] Ep 31400: mean F = 0.8292, max = 0.9878
  [Step 945000] Ep 31500: mean F = 0.8198, max = 0.9935
  [Step 948000] Ep 31600: mean F = 0.8352, max = 0.9820
  [Step 951000] Ep 31700: mean F = 0.8326, max = 0.9848
  [Step 954000] Ep 31800: mean F = 0.8289, max = 0.9857
  [Step 957000] Ep 31900: mean F = 0.7838, max = 0.9870
  [Step 960000] Ep 32000: mean F = 0.8132, max = 0.9916
  [Step 963000] Ep 32100: mean F = 0.8206, max = 0.9881
  [Step 966000] Ep 32200: mean F = 0.8293, max = 0.9843
  [Step 969000] Ep 32300: mean F = 0.8219, max = 0.9912
  [Step 972000] Ep 32400: mean F = 0.8084, max = 0.9873
  [Step 975000] Ep 32500: mean F = 0.8440, max = 0.9846
  [Step 978000] Ep 32600: mean F = 0.8309, max = 0.9854
  [Step 981000] Ep 32700: mean F = 0.8162, max = 0.9855
  [Step 984000] Ep 32800: mean F = 0.8039, max = 0.9893
  [Step 987000] Ep 32900: mean F = 0.8513, max = 0.9867
  [Step 990000] Ep 33000: mean F = 0.8156, max = 0.9856
  [Step 993000] Ep 33100: mean F = 0.8239, max = 0.9858
  [Step 996000] Ep 33200: mean F = 0.8193, max = 0.9889
  [Step 999000] Ep 33300: mean F = 0.8472, max = 0.9858
  Seed 42: 5664.8s, final mean F = 0.8345

============================================================
Training PPO on Scenario C, seed=153
============================================================
  [Step 3000] Ep 100: mean F = 0.4611, max = 0.9808
  [Step 6000] Ep 200: mean F = 0.4824, max = 0.9473
  [Step 9000] Ep 300: mean F = 0.5615, max = 0.9745
  [Step 12000] Ep 400: mean F = 0.5680, max = 0.9744
  [Step 15000] Ep 500: mean F = 0.5897, max = 0.9878
  [Step 18000] Ep 600: mean F = 0.6053, max = 0.9860
  [Step 21000] Ep 700: mean F = 0.6623, max = 0.9889
  [Step 24000] Ep 800: mean F = 0.5655, max = 0.9741
  [Step 27000] Ep 900: mean F = 0.6547, max = 0.9860
  [Step 30000] Ep 1000: mean F = 0.6420, max = 0.9865
  [Step 33000] Ep 1100: mean F = 0.6934, max = 0.9921
  [Step 36000] Ep 1200: mean F = 0.6639, max = 0.9742
  [Step 39000] Ep 1300: mean F = 0.6150, max = 0.9778
  [Step 42000] Ep 1400: mean F = 0.6762, max = 0.9647
  [Step 45000] Ep 1500: mean F = 0.6949, max = 0.9724
  [Step 48000] Ep 1600: mean F = 0.7301, max = 0.9780
  [Step 51000] Ep 1700: mean F = 0.7279, max = 0.9857
  [Step 54000] Ep 1800: mean F = 0.7145, max = 0.9861
  [Step 57000] Ep 1900: mean F = 0.7472, max = 0.9868
  [Step 60000] Ep 2000: mean F = 0.7345, max = 0.9764
  [Step 63000] Ep 2100: mean F = 0.7471, max = 0.9857
  [Step 66000] Ep 2200: mean F = 0.7506, max = 0.9811
  [Step 69000] Ep 2300: mean F = 0.7449, max = 0.9789
  [Step 72000] Ep 2400: mean F = 0.7393, max = 0.9808
  [Step 75000] Ep 2500: mean F = 0.7820, max = 0.9885
  [Step 78000] Ep 2600: mean F = 0.7407, max = 0.9797
  [Step 81000] Ep 2700: mean F = 0.7193, max = 0.9839
  [Step 84000] Ep 2800: mean F = 0.6952, max = 0.9729
  [Step 87000] Ep 2900: mean F = 0.7247, max = 0.9837
  [Step 90000] Ep 3000: mean F = 0.7667, max = 0.9796
  [Step 93000] Ep 3100: mean F = 0.7378, max = 0.9880
  [Step 96000] Ep 3200: mean F = 0.7373, max = 0.9866
  [Step 99000] Ep 3300: mean F = 0.7212, max = 0.9736
  [Step 102000] Ep 3400: mean F = 0.7388, max = 0.9872
  [Step 105000] Ep 3500: mean F = 0.7116, max = 0.9812
  [Step 108000] Ep 3600: mean F = 0.7604, max = 0.9831
  [Step 111000] Ep 3700: mean F = 0.7092, max = 0.9699
  [Step 114000] Ep 3800: mean F = 0.7546, max = 0.9863
  [Step 117000] Ep 3900: mean F = 0.7714, max = 0.9763
  [Step 120000] Ep 4000: mean F = 0.7391, max = 0.9798
  [Step 123000] Ep 4100: mean F = 0.7362, max = 0.9842
  [Step 126000] Ep 4200: mean F = 0.7239, max = 0.9862
  [Step 129000] Ep 4300: mean F = 0.7383, max = 0.9770
  [Step 132000] Ep 4400: mean F = 0.7414, max = 0.9869
  [Step 135000] Ep 4500: mean F = 0.7725, max = 0.9849
  [Step 138000] Ep 4600: mean F = 0.7391, max = 0.9868
  [Step 141000] Ep 4700: mean F = 0.7760, max = 0.9856
  [Step 144000] Ep 4800: mean F = 0.7613, max = 0.9835
  [Step 147000] Ep 4900: mean F = 0.7581, max = 0.9808
  [Step 150000] Ep 5000: mean F = 0.7458, max = 0.9843
  [Step 153000] Ep 5100: mean F = 0.7756, max = 0.9853
  [Step 156000] Ep 5200: mean F = 0.7580, max = 0.9795
  [Step 159000] Ep 5300: mean F = 0.7467, max = 0.9859
  [Step 162000] Ep 5400: mean F = 0.7841, max = 0.9822
  [Step 165000] Ep 5500: mean F = 0.7965, max = 0.9840
  [Step 168000] Ep 5600: mean F = 0.7546, max = 0.9787
  [Step 171000] Ep 5700: mean F = 0.7379, max = 0.9817
  [Step 174000] Ep 5800: mean F = 0.7346, max = 0.9861
  [Step 177000] Ep 5900: mean F = 0.7735, max = 0.9763
  [Step 180000] Ep 6000: mean F = 0.7277, max = 0.9866
  [Step 183000] Ep 6100: mean F = 0.7754, max = 0.9849
  [Step 186000] Ep 6200: mean F = 0.7575, max = 0.9873
  [Step 189000] Ep 6300: mean F = 0.7493, max = 0.9881
  [Step 192000] Ep 6400: mean F = 0.7386, max = 0.9754
  [Step 195000] Ep 6500: mean F = 0.7923, max = 0.9823
  [Step 198000] Ep 6600: mean F = 0.7446, max = 0.9845
  [Step 201000] Ep 6700: mean F = 0.7352, max = 0.9832
  [Step 204000] Ep 6800: mean F = 0.7386, max = 0.9822
  [Step 207000] Ep 6900: mean F = 0.7135, max = 0.9860
  [Step 210000] Ep 7000: mean F = 0.7319, max = 0.9821
  [Step 213000] Ep 7100: mean F = 0.7469, max = 0.9848
  [Step 216000] Ep 7200: mean F = 0.7919, max = 0.9853
  [Step 219000] Ep 7300: mean F = 0.7460, max = 0.9832
  [Step 222000] Ep 7400: mean F = 0.7245, max = 0.9844
  [Step 225000] Ep 7500: mean F = 0.7429, max = 0.9836
  [Step 228000] Ep 7600: mean F = 0.7739, max = 0.9822
  [Step 231000] Ep 7700: mean F = 0.7792, max = 0.9795
  [Step 234000] Ep 7800: mean F = 0.7917, max = 0.9856
  [Step 237000] Ep 7900: mean F = 0.7660, max = 0.9825
  [Step 240000] Ep 8000: mean F = 0.7430, max = 0.9805
  [Step 243000] Ep 8100: mean F = 0.7563, max = 0.9828
  [Step 246000] Ep 8200: mean F = 0.7821, max = 0.9851
  [Step 249000] Ep 8300: mean F = 0.7938, max = 0.9803
  [Step 252000] Ep 8400: mean F = 0.7798, max = 0.9842
  [Step 255000] Ep 8500: mean F = 0.7995, max = 0.9796
  [Step 258000] Ep 8600: mean F = 0.7879, max = 0.9852
  [Step 261000] Ep 8700: mean F = 0.7828, max = 0.9816
  [Step 264000] Ep 8800: mean F = 0.8058, max = 0.9854
  [Step 267000] Ep 8900: mean F = 0.8101, max = 0.9823
  [Step 270000] Ep 9000: mean F = 0.8026, max = 0.9775
  [Step 273000] Ep 9100: mean F = 0.7913, max = 0.9828
  [Step 276000] Ep 9200: mean F = 0.7162, max = 0.9814
  [Step 279000] Ep 9300: mean F = 0.7945, max = 0.9798
  [Step 282000] Ep 9400: mean F = 0.7701, max = 0.9802
  [Step 285000] Ep 9500: mean F = 0.8034, max = 0.9804
  [Step 288000] Ep 9600: mean F = 0.7802, max = 0.9861
  [Step 291000] Ep 9700: mean F = 0.7648, max = 0.9829
  [Step 294000] Ep 9800: mean F = 0.7778, max = 0.9879
  [Step 297000] Ep 9900: mean F = 0.7953, max = 0.9873
  [Step 300000] Ep 10000: mean F = 0.7879, max = 0.9767
  [Step 303000] Ep 10100: mean F = 0.7961, max = 0.9797
  [Step 306000] Ep 10200: mean F = 0.8047, max = 0.9887
  [Step 309000] Ep 10300: mean F = 0.8117, max = 0.9846
  [Step 312000] Ep 10400: mean F = 0.7950, max = 0.9830
  [Step 315000] Ep 10500: mean F = 0.7941, max = 0.9820
  [Step 318000] Ep 10600: mean F = 0.7901, max = 0.9825
  [Step 321000] Ep 10700: mean F = 0.7950, max = 0.9819
  [Step 324000] Ep 10800: mean F = 0.7815, max = 0.9757
  [Step 327000] Ep 10900: mean F = 0.8168, max = 0.9807
  [Step 330000] Ep 11000: mean F = 0.8147, max = 0.9823
  [Step 333000] Ep 11100: mean F = 0.7894, max = 0.9840
  [Step 336000] Ep 11200: mean F = 0.7787, max = 0.9904
  [Step 339000] Ep 11300: mean F = 0.8130, max = 0.9807
  [Step 342000] Ep 11400: mean F = 0.8165, max = 0.9868
  [Step 345000] Ep 11500: mean F = 0.8180, max = 0.9882
  [Step 348000] Ep 11600: mean F = 0.8150, max = 0.9804
  [Step 351000] Ep 11700: mean F = 0.8150, max = 0.9868
  [Step 354000] Ep 11800: mean F = 0.7903, max = 0.9834
  [Step 357000] Ep 11900: mean F = 0.8400, max = 0.9862
  [Step 360000] Ep 12000: mean F = 0.8288, max = 0.9828
  [Step 363000] Ep 12100: mean F = 0.8194, max = 0.9779
  [Step 366000] Ep 12200: mean F = 0.8020, max = 0.9882
  [Step 369000] Ep 12300: mean F = 0.8044, max = 0.9800
  [Step 372000] Ep 12400: mean F = 0.7936, max = 0.9833
  [Step 375000] Ep 12500: mean F = 0.8154, max = 0.9826
  [Step 378000] Ep 12600: mean F = 0.8015, max = 0.9825
  [Step 381000] Ep 12700: mean F = 0.8113, max = 0.9833
  [Step 384000] Ep 12800: mean F = 0.8238, max = 0.9871
  [Step 387000] Ep 12900: mean F = 0.8154, max = 0.9789
  [Step 390000] Ep 13000: mean F = 0.8252, max = 0.9791
  [Step 393000] Ep 13100: mean F = 0.8110, max = 0.9797
  [Step 396000] Ep 13200: mean F = 0.7973, max = 0.9824
  [Step 399000] Ep 13300: mean F = 0.7992, max = 0.9838
  [Step 402000] Ep 13400: mean F = 0.7743, max = 0.9891
  [Step 405000] Ep 13500: mean F = 0.7945, max = 0.9866
  [Step 408000] Ep 13600: mean F = 0.7944, max = 0.9842
  [Step 411000] Ep 13700: mean F = 0.8018, max = 0.9801
  [Step 414000] Ep 13800: mean F = 0.8159, max = 0.9754
  [Step 417000] Ep 13900: mean F = 0.7889, max = 0.9819
  [Step 420000] Ep 14000: mean F = 0.8209, max = 0.9844
  [Step 423000] Ep 14100: mean F = 0.8027, max = 0.9845
  [Step 426000] Ep 14200: mean F = 0.7878, max = 0.9830
  [Step 429000] Ep 14300: mean F = 0.8355, max = 0.9865
  [Step 432000] Ep 14400: mean F = 0.8219, max = 0.9873
  [Step 435000] Ep 14500: mean F = 0.8062, max = 0.9857
  [Step 438000] Ep 14600: mean F = 0.7513, max = 0.9820
  [Step 441000] Ep 14700: mean F = 0.7666, max = 0.9820
  [Step 444000] Ep 14800: mean F = 0.8148, max = 0.9883
  [Step 447000] Ep 14900: mean F = 0.8262, max = 0.9850
  [Step 450000] Ep 15000: mean F = 0.8120, max = 0.9696
  [Step 453000] Ep 15100: mean F = 0.8147, max = 0.9784
  [Step 456000] Ep 15200: mean F = 0.8230, max = 0.9873
  [Step 459000] Ep 15300: mean F = 0.8031, max = 0.9712
  [Step 462000] Ep 15400: mean F = 0.7763, max = 0.9806
  [Step 465000] Ep 15500: mean F = 0.7945, max = 0.9818
  [Step 468000] Ep 15600: mean F = 0.8089, max = 0.9850
  [Step 471000] Ep 15700: mean F = 0.7815, max = 0.9891
  [Step 474000] Ep 15800: mean F = 0.7820, max = 0.9832
  [Step 477000] Ep 15900: mean F = 0.8006, max = 0.9742
  [Step 480000] Ep 16000: mean F = 0.8137, max = 0.9792
  [Step 483000] Ep 16100: mean F = 0.8259, max = 0.9803
  [Step 486000] Ep 16200: mean F = 0.7985, max = 0.9820
  [Step 489000] Ep 16300: mean F = 0.8168, max = 0.9892
  [Step 492000] Ep 16400: mean F = 0.8315, max = 0.9861
  [Step 495000] Ep 16500: mean F = 0.8250, max = 0.9792
  [Step 498000] Ep 16600: mean F = 0.8194, max = 0.9808
  [Step 501000] Ep 16700: mean F = 0.8339, max = 0.9822
  [Step 504000] Ep 16800: mean F = 0.7710, max = 0.9891
  [Step 507000] Ep 16900: mean F = 0.8060, max = 0.9801
  [Step 510000] Ep 17000: mean F = 0.8214, max = 0.9884
  [Step 513000] Ep 17100: mean F = 0.8054, max = 0.9873
  [Step 516000] Ep 17200: mean F = 0.8312, max = 0.9821
  [Step 519000] Ep 17300: mean F = 0.7698, max = 0.9832
  [Step 522000] Ep 17400: mean F = 0.7907, max = 0.9810
  [Step 525000] Ep 17500: mean F = 0.7854, max = 0.9846
  [Step 528000] Ep 17600: mean F = 0.8110, max = 0.9818
  [Step 531000] Ep 17700: mean F = 0.8005, max = 0.9845
  [Step 534000] Ep 17800: mean F = 0.8139, max = 0.9809
  [Step 537000] Ep 17900: mean F = 0.7976, max = 0.9897
  [Step 540000] Ep 18000: mean F = 0.7951, max = 0.9867
  [Step 543000] Ep 18100: mean F = 0.8049, max = 0.9879
  [Step 546000] Ep 18200: mean F = 0.7852, max = 0.9843
  [Step 549000] Ep 18300: mean F = 0.7639, max = 0.9820
  [Step 552000] Ep 18400: mean F = 0.7814, max = 0.9881
  [Step 555000] Ep 18500: mean F = 0.7897, max = 0.9805
  [Step 558000] Ep 18600: mean F = 0.8052, max = 0.9863
  [Step 561000] Ep 18700: mean F = 0.8209, max = 0.9769
  [Step 564000] Ep 18800: mean F = 0.8302, max = 0.9858
  [Step 567000] Ep 18900: mean F = 0.7874, max = 0.9793
  [Step 570000] Ep 19000: mean F = 0.7929, max = 0.9815
  [Step 573000] Ep 19100: mean F = 0.8261, max = 0.9848
  [Step 576000] Ep 19200: mean F = 0.7904, max = 0.9870
  [Step 579000] Ep 19300: mean F = 0.8098, max = 0.9840
  [Step 582000] Ep 19400: mean F = 0.7907, max = 0.9888
  [Step 585000] Ep 19500: mean F = 0.8102, max = 0.9868
  [Step 588000] Ep 19600: mean F = 0.8172, max = 0.9827
  [Step 591000] Ep 19700: mean F = 0.7992, max = 0.9810
  [Step 594000] Ep 19800: mean F = 0.8162, max = 0.9845
  [Step 597000] Ep 19900: mean F = 0.8036, max = 0.9847
  [Step 600000] Ep 20000: mean F = 0.7933, max = 0.9845
  [Step 603000] Ep 20100: mean F = 0.7832, max = 0.9827
  [Step 606000] Ep 20200: mean F = 0.8084, max = 0.9806
  [Step 609000] Ep 20300: mean F = 0.8130, max = 0.9823
  [Step 612000] Ep 20400: mean F = 0.8071, max = 0.9849
  [Step 615000] Ep 20500: mean F = 0.7845, max = 0.9793
  [Step 618000] Ep 20600: mean F = 0.8076, max = 0.9858
  [Step 621000] Ep 20700: mean F = 0.8128, max = 0.9859
  [Step 624000] Ep 20800: mean F = 0.7773, max = 0.9812
  [Step 627000] Ep 20900: mean F = 0.8180, max = 0.9844
  [Step 630000] Ep 21000: mean F = 0.8066, max = 0.9870
  [Step 633000] Ep 21100: mean F = 0.8078, max = 0.9817
  [Step 636000] Ep 21200: mean F = 0.8026, max = 0.9888
  [Step 639000] Ep 21300: mean F = 0.8307, max = 0.9830
  [Step 642000] Ep 21400: mean F = 0.8048, max = 0.9807
  [Step 645000] Ep 21500: mean F = 0.8108, max = 0.9803
  [Step 648000] Ep 21600: mean F = 0.8322, max = 0.9825
  [Step 651000] Ep 21700: mean F = 0.7781, max = 0.9776
  [Step 654000] Ep 21800: mean F = 0.7950, max = 0.9857
  [Step 657000] Ep 21900: mean F = 0.8155, max = 0.9815
  [Step 660000] Ep 22000: mean F = 0.7826, max = 0.9745
  [Step 663000] Ep 22100: mean F = 0.8115, max = 0.9875
  [Step 666000] Ep 22200: mean F = 0.8174, max = 0.9861
  [Step 669000] Ep 22300: mean F = 0.8207, max = 0.9874
  [Step 672000] Ep 22400: mean F = 0.8189, max = 0.9797
  [Step 675000] Ep 22500: mean F = 0.8070, max = 0.9807
  [Step 678000] Ep 22600: mean F = 0.7977, max = 0.9859
  [Step 681000] Ep 22700: mean F = 0.8251, max = 0.9803
  [Step 684000] Ep 22800: mean F = 0.7895, max = 0.9867
  [Step 687000] Ep 22900: mean F = 0.8114, max = 0.9756
  [Step 690000] Ep 23000: mean F = 0.8068, max = 0.9874
  [Step 693000] Ep 23100: mean F = 0.8164, max = 0.9871
  [Step 696000] Ep 23200: mean F = 0.8272, max = 0.9847
  [Step 699000] Ep 23300: mean F = 0.8263, max = 0.9872
  [Step 702000] Ep 23400: mean F = 0.8019, max = 0.9866
  [Step 705000] Ep 23500: mean F = 0.8051, max = 0.9841
  [Step 708000] Ep 23600: mean F = 0.8192, max = 0.9822
  [Step 711000] Ep 23700: mean F = 0.8206, max = 0.9831
  [Step 714000] Ep 23800: mean F = 0.8098, max = 0.9813
  [Step 717000] Ep 23900: mean F = 0.7965, max = 0.9851
  [Step 720000] Ep 24000: mean F = 0.8275, max = 0.9814
  [Step 723000] Ep 24100: mean F = 0.8010, max = 0.9772
  [Step 726000] Ep 24200: mean F = 0.7925, max = 0.9833
  [Step 729000] Ep 24300: mean F = 0.8043, max = 0.9841
  [Step 732000] Ep 24400: mean F = 0.8298, max = 0.9841
  [Step 735000] Ep 24500: mean F = 0.8052, max = 0.9840
  [Step 738000] Ep 24600: mean F = 0.8131, max = 0.9785
  [Step 741000] Ep 24700: mean F = 0.7864, max = 0.9856
  [Step 744000] Ep 24800: mean F = 0.7935, max = 0.9841
  [Step 747000] Ep 24900: mean F = 0.7905, max = 0.9856
  [Step 750000] Ep 25000: mean F = 0.7930, max = 0.9853
  [Step 753000] Ep 25100: mean F = 0.8253, max = 0.9851
  [Step 756000] Ep 25200: mean F = 0.7993, max = 0.9870
  [Step 759000] Ep 25300: mean F = 0.8077, max = 0.9748
  [Step 762000] Ep 25400: mean F = 0.8222, max = 0.9768
  [Step 765000] Ep 25500: mean F = 0.8073, max = 0.9844
  [Step 768000] Ep 25600: mean F = 0.8153, max = 0.9817
  [Step 771000] Ep 25700: mean F = 0.8323, max = 0.9854
  [Step 774000] Ep 25800: mean F = 0.7973, max = 0.9869
  [Step 777000] Ep 25900: mean F = 0.8272, max = 0.9836
  [Step 780000] Ep 26000: mean F = 0.8204, max = 0.9743
  [Step 783000] Ep 26100: mean F = 0.8162, max = 0.9841
  [Step 786000] Ep 26200: mean F = 0.8080, max = 0.9858
  [Step 789000] Ep 26300: mean F = 0.7866, max = 0.9877
  [Step 792000] Ep 26400: mean F = 0.7976, max = 0.9814
  [Step 795000] Ep 26500: mean F = 0.8285, max = 0.9860
  [Step 798000] Ep 26600: mean F = 0.7856, max = 0.9863
  [Step 801000] Ep 26700: mean F = 0.8103, max = 0.9883
  [Step 804000] Ep 26800: mean F = 0.8022, max = 0.9820
  [Step 807000] Ep 26900: mean F = 0.8313, max = 0.9878
  [Step 810000] Ep 27000: mean F = 0.7730, max = 0.9736
  [Step 813000] Ep 27100: mean F = 0.7873, max = 0.9823
  [Step 816000] Ep 27200: mean F = 0.8184, max = 0.9839
  [Step 819000] Ep 27300: mean F = 0.8087, max = 0.9866
  [Step 822000] Ep 27400: mean F = 0.8145, max = 0.9837
  [Step 825000] Ep 27500: mean F = 0.8089, max = 0.9833
  [Step 828000] Ep 27600: mean F = 0.8196, max = 0.9821
  [Step 831000] Ep 27700: mean F = 0.8459, max = 0.9868
  [Step 834000] Ep 27800: mean F = 0.8180, max = 0.9721
  [Step 837000] Ep 27900: mean F = 0.8176, max = 0.9821
  [Step 840000] Ep 28000: mean F = 0.8107, max = 0.9778
  [Step 843000] Ep 28100: mean F = 0.8145, max = 0.9849
  [Step 846000] Ep 28200: mean F = 0.7831, max = 0.9865
  [Step 849000] Ep 28300: mean F = 0.7795, max = 0.9774
  [Step 852000] Ep 28400: mean F = 0.8333, max = 0.9860
  [Step 855000] Ep 28500: mean F = 0.8353, max = 0.9855
  [Step 858000] Ep 28600: mean F = 0.8103, max = 0.9807
  [Step 861000] Ep 28700: mean F = 0.8242, max = 0.9870
  [Step 864000] Ep 28800: mean F = 0.8167, max = 0.9803
  [Step 867000] Ep 28900: mean F = 0.8330, max = 0.9818
  [Step 870000] Ep 29000: mean F = 0.8230, max = 0.9851
  [Step 873000] Ep 29100: mean F = 0.8140, max = 0.9844
  [Step 876000] Ep 29200: mean F = 0.8038, max = 0.9860
  [Step 879000] Ep 29300: mean F = 0.8088, max = 0.9829
  [Step 882000] Ep 29400: mean F = 0.8316, max = 0.9834
  [Step 885000] Ep 29500: mean F = 0.8025, max = 0.9826
  [Step 888000] Ep 29600: mean F = 0.8229, max = 0.9792
  [Step 891000] Ep 29700: mean F = 0.8072, max = 0.9824
  [Step 894000] Ep 29800: mean F = 0.7951, max = 0.9826
  [Step 897000] Ep 29900: mean F = 0.8377, max = 0.9850
  [Step 900000] Ep 30000: mean F = 0.7972, max = 0.9699
  [Step 903000] Ep 30100: mean F = 0.8509, max = 0.9846
  [Step 906000] Ep 30200: mean F = 0.7926, max = 0.9847
  [Step 909000] Ep 30300: mean F = 0.8044, max = 0.9772
  [Step 912000] Ep 30400: mean F = 0.8242, max = 0.9816
  [Step 915000] Ep 30500: mean F = 0.8237, max = 0.9869
  [Step 918000] Ep 30600: mean F = 0.7821, max = 0.9853
  [Step 921000] Ep 30700: mean F = 0.8005, max = 0.9859
  [Step 924000] Ep 30800: mean F = 0.8180, max = 0.9836
  [Step 927000] Ep 30900: mean F = 0.8244, max = 0.9840
  [Step 930000] Ep 31000: mean F = 0.8153, max = 0.9867
  [Step 933000] Ep 31100: mean F = 0.8007, max = 0.9821
  [Step 936000] Ep 31200: mean F = 0.8038, max = 0.9873
  [Step 939000] Ep 31300: mean F = 0.7919, max = 0.9831
  [Step 942000] Ep 31400: mean F = 0.8132, max = 0.9837
  [Step 945000] Ep 31500: mean F = 0.8379, max = 0.9840
  [Step 948000] Ep 31600: mean F = 0.8354, max = 0.9861
  [Step 951000] Ep 31700: mean F = 0.7961, max = 0.9890
  [Step 954000] Ep 31800: mean F = 0.8215, max = 0.9878
  [Step 957000] Ep 31900: mean F = 0.8125, max = 0.9861
  [Step 960000] Ep 32000: mean F = 0.8109, max = 0.9839
  [Step 963000] Ep 32100: mean F = 0.8350, max = 0.9832
  [Step 966000] Ep 32200: mean F = 0.8307, max = 0.9742
  [Step 969000] Ep 32300: mean F = 0.8206, max = 0.9885
  [Step 972000] Ep 32400: mean F = 0.7792, max = 0.9891
  [Step 975000] Ep 32500: mean F = 0.8097, max = 0.9837
  [Step 978000] Ep 32600: mean F = 0.8443, max = 0.9893
  [Step 981000] Ep 32700: mean F = 0.8258, max = 0.9805
  [Step 984000] Ep 32800: mean F = 0.8288, max = 0.9810
  [Step 987000] Ep 32900: mean F = 0.8199, max = 0.9778
  [Step 990000] Ep 33000: mean F = 0.8265, max = 0.9870
  [Step 993000] Ep 33100: mean F = 0.8233, max = 0.9702
  [Step 996000] Ep 33200: mean F = 0.8250, max = 0.9856
  [Step 999000] Ep 33300: mean F = 0.8182, max = 0.9856
  Seed 153: 3036.7s, final mean F = 0.8205

Best model for scenario C: F = 0.8345
  Training logs saved to /share/liuyutian/rydberg-rl-entanglement/results/training_logs_C.json

--- Evaluating methods on Scenario C ---
  Evaluating STIRAP on scenario C...
  trajectory 1/200  mean_F = 0.8485  (0.1s)
  trajectory 50/200  mean_F = 0.8497  (9.7s)
  trajectory 100/200  mean_F = 0.8531  (22.4s)
  trajectory 150/200  mean_F = 0.8445  (34.7s)
  trajectory 200/200  mean_F = 0.8507  (54.0s)
  STIRAP C: F = 0.8507 +/- 0.1496
  Optimizing GRAPE on scenario C (noiseless)...
  GRAPE iter    0:  F = 0.999999
  GRAPE noiseless F = 0.999999
  Evaluating GRAPE under noise (200 trajectories)...
  trajectory 1/200  mean_F = 0.8291  (0.1s)
  trajectory 50/200  mean_F = 0.8165  (8.6s)
  trajectory 100/200  mean_F = 0.8196  (28.4s)
  trajectory 150/200  mean_F = 0.8085  (40.4s)
/home/liuyutian/server/miniconda3/lib/python3.9/site-packages/scipy/integrate/_ode.py:431: UserWarning: _zvode: Excess work done on this call. (Perhaps wrong MF.)
  self._y, self.t = mth(self.f, self.jac or (lambda: None),
Traceback (most recent call last):
  File "/share/liuyutian/rydberg-rl-entanglement/run_experiments.py", line 609, in <module>
    main()
  File "/share/liuyutian/rydberg-rl-entanglement/run_experiments.py", line 533, in main
    grape_res = evaluate_grape_method(sc, n_traj=args.n_traj)
  File "/share/liuyutian/rydberg-rl-entanglement/run_experiments.py", line 216, in evaluate_grape_method
    result = evaluate_policy(grape_eval, scenario, n_trajectories=n_traj)
  File "/share/liuyutian/rydberg-rl-entanglement/src/baselines/evaluate.py", line 69, in evaluate_policy
    result = run_func(scenario, noise_params=noise, **kwargs)
  File "/share/liuyutian/rydberg-rl-entanglement/run_experiments.py", line 213, in grape_eval
    return run_grape_eval(sc, omega, delta, noise_params)
  File "/share/liuyutian/rydberg-rl-entanglement/src/baselines/grape.py", line 401, in run_grape_eval
    return _evaluate_with_noise(scenario, omega_pulse, delta_pulse, noise_params)
  File "/share/liuyutian/rydberg-rl-entanglement/src/baselines/grape.py", line 369, in _evaluate_with_noise
    result = qutip.mesolve(H, psi0, tlist, c_ops=c_ops)
  File "/home/liuyutian/server/miniconda3/lib/python3.9/site-packages/qutip/solver/mesolve.py", line 147, in mesolve
    return solver.run(rho0, tlist, e_ops=e_ops)
  File "/home/liuyutian/server/miniconda3/lib/python3.9/site-packages/qutip/solver/solver_base.py", line 183, in run
    for t, state in self._integrator.run(tlist):
  File "/home/liuyutian/server/miniconda3/lib/python3.9/site-packages/qutip/solver/integrator/integrator.py", line 201, in run
    yield self.integrate(t, False)
  File "/home/liuyutian/server/miniconda3/lib/python3.9/site-packages/qutip/solver/integrator/scipy_integrator.py", line 111, in integrate
    return self.get_state(copy)
  File "/home/liuyutian/server/miniconda3/lib/python3.9/site-packages/qutip/solver/integrator/scipy_integrator.py", line 86, in get_state
    self._check_failed_integration()
  File "/home/liuyutian/server/miniconda3/lib/python3.9/site-packages/qutip/solver/integrator/scipy_integrator.py", line 157, in _check_failed_integration
    raise IntegratorException(
qutip.solver.integrator.integrator.IntegratorException: Excess work done on this call. Try to increasing the nsteps parameter in the Options class
