2026-04-10 03:48:01.603526: I tensorflow/core/util/port.cc:153] oneDNN custom operations are on. You may see slightly different numerical results due to floating-point round-off errors from different computation orders. To turn them off, set the environment variable `TF_ENABLE_ONEDNN_OPTS=0`.
2026-04-10 03:48:01.670881: I tensorflow/core/platform/cpu_feature_guard.cc:210] This TensorFlow binary is optimized to use available CPU instructions in performance-critical operations.
To enable the following instructions: AVX2 AVX512F AVX512_VNNI AVX512_BF16 AVX512_FP16 AVX_VNNI AMX_TILE AMX_INT8 AMX_BF16 FMA, in other operations, rebuild TensorFlow with the appropriate compiler flags.
2026-04-10 03:48:02.879238: I tensorflow/core/util/port.cc:153] oneDNN custom operations are on. You may see slightly different numerical results due to floating-point round-off errors from different computation orders. To turn them off, set the environment variable `TF_ENABLE_ONEDNN_OPTS=0`.
  [Step 3000] Ep 100: mean F = 0.5168, max = 0.9435
  [Step 6000] Ep 200: mean F = 0.5179, max = 0.9473
  [Step 9000] Ep 300: mean F = 0.5096, max = 0.9565
  [Step 12000] Ep 400: mean F = 0.5196, max = 0.9728
  [Step 15000] Ep 500: mean F = 0.5692, max = 0.9702
  [Step 18000] Ep 600: mean F = 0.5784, max = 0.9766
  [Step 21000] Ep 700: mean F = 0.5377, max = 0.9725
  [Step 24000] Ep 800: mean F = 0.6061, max = 0.9702
  [Step 27000] Ep 900: mean F = 0.5781, max = 0.9588
  [Step 30000] Ep 1000: mean F = 0.6391, max = 0.9640
  [Step 33000] Ep 1100: mean F = 0.6203, max = 0.9548
  [Step 36000] Ep 1200: mean F = 0.6130, max = 0.9544
  [Step 39000] Ep 1300: mean F = 0.6054, max = 0.9518
  [Step 42000] Ep 1400: mean F = 0.6482, max = 0.9516
  [Step 45000] Ep 1500: mean F = 0.6402, max = 0.9669
  [Step 48000] Ep 1600: mean F = 0.6452, max = 0.9438
  [Step 51000] Ep 1700: mean F = 0.6153, max = 0.9489
  [Step 54000] Ep 1800: mean F = 0.5748, max = 0.9420
  [Step 57000] Ep 1900: mean F = 0.6413, max = 0.9322
  [Step 60000] Ep 2000: mean F = 0.6316, max = 0.9537
  [Step 63000] Ep 2100: mean F = 0.6751, max = 0.9597
  [Step 66000] Ep 2200: mean F = 0.6455, max = 0.9544
  [Step 69000] Ep 2300: mean F = 0.6264, max = 0.9404
  [Step 72000] Ep 2400: mean F = 0.6408, max = 0.9488
  [Step 75000] Ep 2500: mean F = 0.6872, max = 0.9488
  [Step 78000] Ep 2600: mean F = 0.6805, max = 0.9526
  [Step 81000] Ep 2700: mean F = 0.6365, max = 0.9478
  [Step 84000] Ep 2800: mean F = 0.6707, max = 0.9554
  [Step 87000] Ep 2900: mean F = 0.6446, max = 0.9456
  [Step 90000] Ep 3000: mean F = 0.6441, max = 0.9404
  [Step 93000] Ep 3100: mean F = 0.6668, max = 0.9480
  [Step 96000] Ep 3200: mean F = 0.6785, max = 0.9438
  [Step 99000] Ep 3300: mean F = 0.6759, max = 0.9439
  [Step 102000] Ep 3400: mean F = 0.6816, max = 0.9602
  [Step 105000] Ep 3500: mean F = 0.6812, max = 0.9556
  [Step 108000] Ep 3600: mean F = 0.6706, max = 0.9450
  [Step 111000] Ep 3700: mean F = 0.6496, max = 0.9501
  [Step 114000] Ep 3800: mean F = 0.6612, max = 0.9414
  [Step 117000] Ep 3900: mean F = 0.6637, max = 0.9412
  [Step 120000] Ep 4000: mean F = 0.6786, max = 0.9377
  [Step 123000] Ep 4100: mean F = 0.6681, max = 0.9413
  [Step 126000] Ep 4200: mean F = 0.6821, max = 0.9520
  [Step 129000] Ep 4300: mean F = 0.6700, max = 0.9508
  [Step 132000] Ep 4400: mean F = 0.6614, max = 0.9512
  [Step 135000] Ep 4500: mean F = 0.6956, max = 0.9494
  [Step 138000] Ep 4600: mean F = 0.7185, max = 0.9517
  [Step 141000] Ep 4700: mean F = 0.7038, max = 0.9542
  [Step 144000] Ep 4800: mean F = 0.6798, max = 0.9427
  [Step 147000] Ep 4900: mean F = 0.6767, max = 0.9475
  [Step 150000] Ep 5000: mean F = 0.7291, max = 0.9477
  [Step 153000] Ep 5100: mean F = 0.6766, max = 0.9470
  [Step 156000] Ep 5200: mean F = 0.6711, max = 0.9577
  [Step 159000] Ep 5300: mean F = 0.6981, max = 0.9444
  [Step 162000] Ep 5400: mean F = 0.6969, max = 0.9465
  [Step 165000] Ep 5500: mean F = 0.6639, max = 0.9553
  [Step 168000] Ep 5600: mean F = 0.7146, max = 0.9522
  [Step 171000] Ep 5700: mean F = 0.6713, max = 0.9529
  [Step 174000] Ep 5800: mean F = 0.7273, max = 0.9612
  [Step 177000] Ep 5900: mean F = 0.7257, max = 0.9626
  [Step 180000] Ep 6000: mean F = 0.6850, max = 0.9424
  [Step 183000] Ep 6100: mean F = 0.6433, max = 0.9418
  [Step 186000] Ep 6200: mean F = 0.6976, max = 0.9532
  [Step 189000] Ep 6300: mean F = 0.7038, max = 0.9550
  [Step 192000] Ep 6400: mean F = 0.7142, max = 0.9521
  [Step 195000] Ep 6500: mean F = 0.6643, max = 0.9529
  [Step 198000] Ep 6600: mean F = 0.7025, max = 0.9462
Training: 2151s
PPO A: F = 0.6930 +/- 0.1788
