2026-04-10 10:43:36.840226: I tensorflow/core/util/port.cc:153] oneDNN custom operations are on. You may see slightly different numerical results due to floating-point round-off errors from different computation orders. To turn them off, set the environment variable `TF_ENABLE_ONEDNN_OPTS=0`.
2026-04-10 10:43:36.904857: I tensorflow/core/platform/cpu_feature_guard.cc:210] This TensorFlow binary is optimized to use available CPU instructions in performance-critical operations.
To enable the following instructions: AVX2 AVX512F AVX512_VNNI AVX512_BF16 AVX512_FP16 AVX_VNNI AMX_TILE AMX_INT8 AMX_BF16 FMA, in other operations, rebuild TensorFlow with the appropriate compiler flags.
2026-04-10 10:43:38.146664: I tensorflow/core/util/port.cc:153] oneDNN custom operations are on. You may see slightly different numerical results due to floating-point round-off errors from different computation orders. To turn them off, set the environment variable `TF_ENABLE_ONEDNN_OPTS=0`.

============================================================
Training PPO on Scenario C, seed=42, 3M steps, 60 ctrl steps
============================================================
  [Step 6000] Ep 100: mean F = 0.4513, max F = 0.9671
  [Step 12000] Ep 200: mean F = 0.5448, max F = 0.9938
  [Step 18000] Ep 300: mean F = 0.5343, max F = 0.9909
  [Step 24000] Ep 400: mean F = 0.5794, max F = 0.9862
  [Step 30000] Ep 500: mean F = 0.5682, max F = 0.9732
  [Step 36000] Ep 600: mean F = 0.6170, max F = 0.9815
  [Step 42000] Ep 700: mean F = 0.6046, max F = 0.9924
  [Step 48000] Ep 800: mean F = 0.6212, max F = 0.9923
  [Step 54000] Ep 900: mean F = 0.6777, max F = 0.9673
  [Step 60000] Ep 1000: mean F = 0.7058, max F = 0.9842
  [Step 66000] Ep 1100: mean F = 0.7470, max F = 0.9679
  [Step 72000] Ep 1200: mean F = 0.7916, max F = 0.9872
  [Step 78000] Ep 1300: mean F = 0.7798, max F = 0.9760
  [Step 84000] Ep 1400: mean F = 0.8007, max F = 0.9864
  [Step 90000] Ep 1500: mean F = 0.8310, max F = 0.9850
  [Step 96000] Ep 1600: mean F = 0.8463, max F = 0.9854
  [Step 102000] Ep 1700: mean F = 0.8347, max F = 0.9871
  [Step 108000] Ep 1800: mean F = 0.8705, max F = 0.9926
  [Step 114000] Ep 1900: mean F = 0.8661, max F = 0.9844
  [Step 120000] Ep 2000: mean F = 0.8535, max F = 0.9804
  [Step 126000] Ep 2100: mean F = 0.8699, max F = 0.9833
  [Step 132000] Ep 2200: mean F = 0.8650, max F = 0.9913
  [Step 138000] Ep 2300: mean F = 0.8735, max F = 0.9886
  [Step 144000] Ep 2400: mean F = 0.8708, max F = 0.9887
  [Step 150000] Ep 2500: mean F = 0.8837, max F = 0.9898
  [Step 156000] Ep 2600: mean F = 0.8771, max F = 0.9861
  [Step 162000] Ep 2700: mean F = 0.8888, max F = 0.9889
  [Step 168000] Ep 2800: mean F = 0.9128, max F = 0.9931
  [Step 174000] Ep 2900: mean F = 0.8864, max F = 0.9883
  [Step 180000] Ep 3000: mean F = 0.9000, max F = 0.9858
  [Step 186000] Ep 3100: mean F = 0.9026, max F = 0.9888
  [Step 192000] Ep 3200: mean F = 0.9114, max F = 0.9911
  [Step 198000] Ep 3300: mean F = 0.8908, max F = 0.9927
  [Step 204000] Ep 3400: mean F = 0.9114, max F = 0.9861
  [Step 210000] Ep 3500: mean F = 0.9046, max F = 0.9910
  [Step 216000] Ep 3600: mean F = 0.8890, max F = 0.9905
  [Step 222000] Ep 3700: mean F = 0.8870, max F = 0.9861
  [Step 228000] Ep 3800: mean F = 0.8843, max F = 0.9886
  [Step 234000] Ep 3900: mean F = 0.9043, max F = 0.9927
  [Step 240000] Ep 4000: mean F = 0.9111, max F = 0.9887
  [Step 246000] Ep 4100: mean F = 0.8960, max F = 0.9863
  [Step 252000] Ep 4200: mean F = 0.9008, max F = 0.9911
  [Step 258000] Ep 4300: mean F = 0.9008, max F = 0.9935
  [Step 264000] Ep 4400: mean F = 0.9114, max F = 0.9860
  [Step 270000] Ep 4500: mean F = 0.9188, max F = 0.9889
  [Step 276000] Ep 4600: mean F = 0.9159, max F = 0.9876
  [Step 282000] Ep 4700: mean F = 0.9055, max F = 0.9890
  [Step 288000] Ep 4800: mean F = 0.8951, max F = 0.9896
  [Step 294000] Ep 4900: mean F = 0.9007, max F = 0.9922
  [Step 300000] Ep 5000: mean F = 0.8916, max F = 0.9857
  [Step 306000] Ep 5100: mean F = 0.9057, max F = 0.9929
  [Step 312000] Ep 5200: mean F = 0.9147, max F = 0.9935
  [Step 318000] Ep 5300: mean F = 0.8991, max F = 0.9893
  [Step 324000] Ep 5400: mean F = 0.9222, max F = 0.9942
  [Step 330000] Ep 5500: mean F = 0.9279, max F = 0.9911
  [Step 336000] Ep 5600: mean F = 0.9207, max F = 0.9913
  [Step 342000] Ep 5700: mean F = 0.9171, max F = 0.9893
  [Step 348000] Ep 5800: mean F = 0.9197, max F = 0.9913
  [Step 354000] Ep 5900: mean F = 0.9214, max F = 0.9906
  [Step 360000] Ep 6000: mean F = 0.9320, max F = 0.9925
  [Step 366000] Ep 6100: mean F = 0.9203, max F = 0.9931
  [Step 372000] Ep 6200: mean F = 0.9396, max F = 0.9915
  [Step 378000] Ep 6300: mean F = 0.9399, max F = 0.9920
  [Step 384000] Ep 6400: mean F = 0.9286, max F = 0.9882
  [Step 390000] Ep 6500: mean F = 0.9445, max F = 0.9924
  [Step 396000] Ep 6600: mean F = 0.9287, max F = 0.9915
  [Step 402000] Ep 6700: mean F = 0.9355, max F = 0.9935
  [Step 408000] Ep 6800: mean F = 0.9386, max F = 0.9914
  [Step 414000] Ep 6900: mean F = 0.9407, max F = 0.9917
  [Step 420000] Ep 7000: mean F = 0.9440, max F = 0.9918
  [Step 426000] Ep 7100: mean F = 0.9479, max F = 0.9903
  [Step 432000] Ep 7200: mean F = 0.9388, max F = 0.9939
  [Step 438000] Ep 7300: mean F = 0.9414, max F = 0.9938
  [Step 444000] Ep 7400: mean F = 0.9554, max F = 0.9935
  [Step 450000] Ep 7500: mean F = 0.9555, max F = 0.9932
  [Step 456000] Ep 7600: mean F = 0.9438, max F = 0.9922
  [Step 462000] Ep 7700: mean F = 0.9465, max F = 0.9945
  [Step 468000] Ep 7800: mean F = 0.9448, max F = 0.9943
  [Step 474000] Ep 7900: mean F = 0.9348, max F = 0.9930
  [Step 480000] Ep 8000: mean F = 0.9469, max F = 0.9922
  [Step 486000] Ep 8100: mean F = 0.9379, max F = 0.9941
  [Step 492000] Ep 8200: mean F = 0.9468, max F = 0.9941
  [Step 498000] Ep 8300: mean F = 0.9501, max F = 0.9937
  [Step 504000] Ep 8400: mean F = 0.9470, max F = 0.9926
  [Step 510000] Ep 8500: mean F = 0.9518, max F = 0.9916
  [Step 516000] Ep 8600: mean F = 0.9453, max F = 0.9919
  [Step 522000] Ep 8700: mean F = 0.9472, max F = 0.9921
  [Step 528000] Ep 8800: mean F = 0.9482, max F = 0.9917
  [Step 534000] Ep 8900: mean F = 0.9569, max F = 0.9928
  [Step 540000] Ep 9000: mean F = 0.9484, max F = 0.9920
  [Step 546000] Ep 9100: mean F = 0.9471, max F = 0.9927
  [Step 552000] Ep 9200: mean F = 0.9540, max F = 0.9939
  [Step 558000] Ep 9300: mean F = 0.9573, max F = 0.9942
  [Step 564000] Ep 9400: mean F = 0.9546, max F = 0.9936
  [Step 570000] Ep 9500: mean F = 0.9506, max F = 0.9947
  [Step 576000] Ep 9600: mean F = 0.9506, max F = 0.9943
  [Step 582000] Ep 9700: mean F = 0.9467, max F = 0.9937
  [Step 588000] Ep 9800: mean F = 0.9519, max F = 0.9937
  [Step 594000] Ep 9900: mean F = 0.9490, max F = 0.9931
  [Step 600000] Ep 10000: mean F = 0.9480, max F = 0.9928
  [Step 606000] Ep 10100: mean F = 0.9519, max F = 0.9933
  [Step 612000] Ep 10200: mean F = 0.9522, max F = 0.9943
  [Step 618000] Ep 10300: mean F = 0.9601, max F = 0.9924
  [Step 624000] Ep 10400: mean F = 0.9519, max F = 0.9931
  [Step 630000] Ep 10500: mean F = 0.9503, max F = 0.9924
  [Step 636000] Ep 10600: mean F = 0.9527, max F = 0.9948
  [Step 642000] Ep 10700: mean F = 0.9516, max F = 0.9947
  [Step 648000] Ep 10800: mean F = 0.9524, max F = 0.9937
  [Step 654000] Ep 10900: mean F = 0.9535, max F = 0.9933
  [Step 660000] Ep 11000: mean F = 0.9524, max F = 0.9924
  [Step 666000] Ep 11100: mean F = 0.9561, max F = 0.9934
  [Step 672000] Ep 11200: mean F = 0.9564, max F = 0.9944
  [Step 678000] Ep 11300: mean F = 0.9673, max F = 0.9943
  [Step 684000] Ep 11400: mean F = 0.9603, max F = 0.9941
  [Step 690000] Ep 11500: mean F = 0.9590, max F = 0.9946
  [Step 696000] Ep 11600: mean F = 0.9545, max F = 0.9943
  [Step 702000] Ep 11700: mean F = 0.9596, max F = 0.9923
  [Step 708000] Ep 11800: mean F = 0.9582, max F = 0.9939
  [Step 714000] Ep 11900: mean F = 0.9613, max F = 0.9932
  [Step 720000] Ep 12000: mean F = 0.9583, max F = 0.9938
  [Step 726000] Ep 12100: mean F = 0.9671, max F = 0.9944
  [Step 732000] Ep 12200: mean F = 0.9652, max F = 0.9924
  [Step 738000] Ep 12300: mean F = 0.9629, max F = 0.9941
  [Step 744000] Ep 12400: mean F = 0.9576, max F = 0.9946
  [Step 750000] Ep 12500: mean F = 0.9633, max F = 0.9937
  [Step 756000] Ep 12600: mean F = 0.9569, max F = 0.9940
  [Step 762000] Ep 12700: mean F = 0.9595, max F = 0.9945
  [Step 768000] Ep 12800: mean F = 0.9605, max F = 0.9947
  [Step 774000] Ep 12900: mean F = 0.9658, max F = 0.9942
  [Step 780000] Ep 13000: mean F = 0.9652, max F = 0.9950
  [Step 786000] Ep 13100: mean F = 0.9614, max F = 0.9935
  [Step 792000] Ep 13200: mean F = 0.9553, max F = 0.9937
  [Step 798000] Ep 13300: mean F = 0.9638, max F = 0.9948
  [Step 804000] Ep 13400: mean F = 0.9617, max F = 0.9943
  [Step 810000] Ep 13500: mean F = 0.9630, max F = 0.9952
  [Step 816000] Ep 13600: mean F = 0.9589, max F = 0.9949
  [Step 822000] Ep 13700: mean F = 0.9618, max F = 0.9942
  [Step 828000] Ep 13800: mean F = 0.9595, max F = 0.9949
  [Step 834000] Ep 13900: mean F = 0.9680, max F = 0.9948
  [Step 840000] Ep 14000: mean F = 0.9609, max F = 0.9955
  [Step 846000] Ep 14100: mean F = 0.9626, max F = 0.9947
  [Step 852000] Ep 14200: mean F = 0.9566, max F = 0.9943
  [Step 858000] Ep 14300: mean F = 0.9545, max F = 0.9935
  [Step 864000] Ep 14400: mean F = 0.9622, max F = 0.9943
  [Step 870000] Ep 14500: mean F = 0.9669, max F = 0.9958
  [Step 876000] Ep 14600: mean F = 0.9624, max F = 0.9949
  [Step 882000] Ep 14700: mean F = 0.9666, max F = 0.9939
  [Step 888000] Ep 14800: mean F = 0.9677, max F = 0.9942
  [Step 894000] Ep 14900: mean F = 0.9660, max F = 0.9940
  [Step 900000] Ep 15000: mean F = 0.9651, max F = 0.9943
  [Step 906000] Ep 15100: mean F = 0.9631, max F = 0.9949
  [Step 912000] Ep 15200: mean F = 0.9595, max F = 0.9942
  [Step 918000] Ep 15300: mean F = 0.9633, max F = 0.9946
  [Step 924000] Ep 15400: mean F = 0.9703, max F = 0.9946
  [Step 930000] Ep 15500: mean F = 0.9688, max F = 0.9937
  [Step 936000] Ep 15600: mean F = 0.9630, max F = 0.9940
  [Step 942000] Ep 15700: mean F = 0.9698, max F = 0.9944
  [Step 948000] Ep 15800: mean F = 0.9692, max F = 0.9949
  [Step 954000] Ep 15900: mean F = 0.9702, max F = 0.9941
  [Step 960000] Ep 16000: mean F = 0.9723, max F = 0.9926
  [Step 966000] Ep 16100: mean F = 0.9675, max F = 0.9953
  [Step 972000] Ep 16200: mean F = 0.9694, max F = 0.9937
  [Step 978000] Ep 16300: mean F = 0.9708, max F = 0.9949
  [Step 984000] Ep 16400: mean F = 0.9657, max F = 0.9943
  [Step 990000] Ep 16500: mean F = 0.9698, max F = 0.9942
  [Step 996000] Ep 16600: mean F = 0.9704, max F = 0.9946
  [Step 1002000] Ep 16700: mean F = 0.9639, max F = 0.9944
  [Step 1008000] Ep 16800: mean F = 0.9693, max F = 0.9938
  [Step 1014000] Ep 16900: mean F = 0.9664, max F = 0.9932
  [Step 1020000] Ep 17000: mean F = 0.9690, max F = 0.9948
  [Step 1026000] Ep 17100: mean F = 0.9717, max F = 0.9949
  [Step 1032000] Ep 17200: mean F = 0.9665, max F = 0.9943
  [Step 1038000] Ep 17300: mean F = 0.9708, max F = 0.9943
  [Step 1044000] Ep 17400: mean F = 0.9661, max F = 0.9928
  [Step 1050000] Ep 17500: mean F = 0.9692, max F = 0.9946
  [Step 1056000] Ep 17600: mean F = 0.9707, max F = 0.9945
  [Step 1062000] Ep 17700: mean F = 0.9729, max F = 0.9945
  [Step 1068000] Ep 17800: mean F = 0.9728, max F = 0.9952
  [Step 1074000] Ep 17900: mean F = 0.9685, max F = 0.9948
  [Step 1080000] Ep 18000: mean F = 0.9684, max F = 0.9943
  [Step 1086000] Ep 18100: mean F = 0.9710, max F = 0.9945
  [Step 1092000] Ep 18200: mean F = 0.9723, max F = 0.9939
  [Step 1098000] Ep 18300: mean F = 0.9665, max F = 0.9950
  [Step 1104000] Ep 18400: mean F = 0.9706, max F = 0.9931
  [Step 1110000] Ep 18500: mean F = 0.9721, max F = 0.9947
  [Step 1116000] Ep 18600: mean F = 0.9719, max F = 0.9939
  [Step 1122000] Ep 18700: mean F = 0.9715, max F = 0.9941
  [Step 1128000] Ep 18800: mean F = 0.9708, max F = 0.9945
  [Step 1134000] Ep 18900: mean F = 0.9748, max F = 0.9948
  [Step 1140000] Ep 19000: mean F = 0.9719, max F = 0.9946
  [Step 1146000] Ep 19100: mean F = 0.9693, max F = 0.9955
  [Step 1152000] Ep 19200: mean F = 0.9734, max F = 0.9946
  [Step 1158000] Ep 19300: mean F = 0.9763, max F = 0.9938
  [Step 1164000] Ep 19400: mean F = 0.9719, max F = 0.9940
  [Step 1170000] Ep 19500: mean F = 0.9740, max F = 0.9947
  [Step 1176000] Ep 19600: mean F = 0.9776, max F = 0.9945
  [Step 1182000] Ep 19700: mean F = 0.9742, max F = 0.9944
  [Step 1188000] Ep 19800: mean F = 0.9731, max F = 0.9937
  [Step 1194000] Ep 19900: mean F = 0.9739, max F = 0.9947
  [Step 1200000] Ep 20000: mean F = 0.9722, max F = 0.9943
  [Step 1206000] Ep 20100: mean F = 0.9733, max F = 0.9950
  [Step 1212000] Ep 20200: mean F = 0.9686, max F = 0.9940
  [Step 1218000] Ep 20300: mean F = 0.9736, max F = 0.9940
  [Step 1224000] Ep 20400: mean F = 0.9741, max F = 0.9940
  [Step 1230000] Ep 20500: mean F = 0.9710, max F = 0.9939
  [Step 1236000] Ep 20600: mean F = 0.9750, max F = 0.9951
  [Step 1242000] Ep 20700: mean F = 0.9764, max F = 0.9946
  [Step 1248000] Ep 20800: mean F = 0.9775, max F = 0.9945
  [Step 1254000] Ep 20900: mean F = 0.9756, max F = 0.9949
  [Step 1260000] Ep 21000: mean F = 0.9738, max F = 0.9945
  [Step 1266000] Ep 21100: mean F = 0.9709, max F = 0.9946
  [Step 1272000] Ep 21200: mean F = 0.9753, max F = 0.9942
  [Step 1278000] Ep 21300: mean F = 0.9753, max F = 0.9953
  [Step 1284000] Ep 21400: mean F = 0.9782, max F = 0.9961
  [Step 1290000] Ep 21500: mean F = 0.9770, max F = 0.9951
  [Step 1296000] Ep 21600: mean F = 0.9767, max F = 0.9945
  [Step 1302000] Ep 21700: mean F = 0.9785, max F = 0.9945
  [Step 1308000] Ep 21800: mean F = 0.9731, max F = 0.9945
  [Step 1314000] Ep 21900: mean F = 0.9740, max F = 0.9953
  [Step 1320000] Ep 22000: mean F = 0.9746, max F = 0.9956
  [Step 1326000] Ep 22100: mean F = 0.9767, max F = 0.9952
  [Step 1332000] Ep 22200: mean F = 0.9741, max F = 0.9949
  [Step 1338000] Ep 22300: mean F = 0.9729, max F = 0.9946
  [Step 1344000] Ep 22400: mean F = 0.9770, max F = 0.9952
  [Step 1350000] Ep 22500: mean F = 0.9751, max F = 0.9954
  [Step 1356000] Ep 22600: mean F = 0.9740, max F = 0.9954
  [Step 1362000] Ep 22700: mean F = 0.9789, max F = 0.9941
  [Step 1368000] Ep 22800: mean F = 0.9752, max F = 0.9954
  [Step 1374000] Ep 22900: mean F = 0.9764, max F = 0.9953
  [Step 1380000] Ep 23000: mean F = 0.9787, max F = 0.9959
  [Step 1386000] Ep 23100: mean F = 0.9761, max F = 0.9956
  [Step 1392000] Ep 23200: mean F = 0.9773, max F = 0.9947
  [Step 1398000] Ep 23300: mean F = 0.9760, max F = 0.9947
  [Step 1404000] Ep 23400: mean F = 0.9782, max F = 0.9955
  [Step 1410000] Ep 23500: mean F = 0.9804, max F = 0.9949
  [Step 1416000] Ep 23600: mean F = 0.9753, max F = 0.9952
  [Step 1422000] Ep 23700: mean F = 0.9763, max F = 0.9955
  [Step 1428000] Ep 23800: mean F = 0.9759, max F = 0.9948
  [Step 1434000] Ep 23900: mean F = 0.9751, max F = 0.9955
  [Step 1440000] Ep 24000: mean F = 0.9723, max F = 0.9959
  [Step 1446000] Ep 24100: mean F = 0.9695, max F = 0.9953
  [Step 1452000] Ep 24200: mean F = 0.9774, max F = 0.9955
  [Step 1458000] Ep 24300: mean F = 0.9755, max F = 0.9950
  [Step 1464000] Ep 24400: mean F = 0.9748, max F = 0.9952
  [Step 1470000] Ep 24500: mean F = 0.9751, max F = 0.9958
  [Step 1476000] Ep 24600: mean F = 0.9774, max F = 0.9961
  [Step 1482000] Ep 24700: mean F = 0.9741, max F = 0.9955
  [Step 1488000] Ep 24800: mean F = 0.9788, max F = 0.9960
  [Step 1494000] Ep 24900: mean F = 0.9762, max F = 0.9950
  [Step 1500000] Ep 25000: mean F = 0.9674, max F = 0.9953
  [Step 1506000] Ep 25100: mean F = 0.9747, max F = 0.9959
  [Step 1512000] Ep 25200: mean F = 0.9757, max F = 0.9951
  [Step 1518000] Ep 25300: mean F = 0.9791, max F = 0.9956
  [Step 1524000] Ep 25400: mean F = 0.9764, max F = 0.9958
  [Step 1530000] Ep 25500: mean F = 0.9799, max F = 0.9954
  [Step 1536000] Ep 25600: mean F = 0.9808, max F = 0.9951
  [Step 1542000] Ep 25700: mean F = 0.9742, max F = 0.9961
  [Step 1548000] Ep 25800: mean F = 0.9787, max F = 0.9962
  [Step 1554000] Ep 25900: mean F = 0.9786, max F = 0.9956
  [Step 1560000] Ep 26000: mean F = 0.9787, max F = 0.9951
  [Step 1566000] Ep 26100: mean F = 0.9781, max F = 0.9957
  [Step 1572000] Ep 26200: mean F = 0.9789, max F = 0.9951
  [Step 1578000] Ep 26300: mean F = 0.9770, max F = 0.9961
  [Step 1584000] Ep 26400: mean F = 0.9780, max F = 0.9954
  [Step 1590000] Ep 26500: mean F = 0.9773, max F = 0.9958
  [Step 1596000] Ep 26600: mean F = 0.9811, max F = 0.9951
  [Step 1602000] Ep 26700: mean F = 0.9788, max F = 0.9958
  [Step 1608000] Ep 26800: mean F = 0.9773, max F = 0.9956
  [Step 1614000] Ep 26900: mean F = 0.9757, max F = 0.9957
  [Step 1620000] Ep 27000: mean F = 0.9820, max F = 0.9956
  [Step 1626000] Ep 27100: mean F = 0.9807, max F = 0.9957
  [Step 1632000] Ep 27200: mean F = 0.9752, max F = 0.9963
  [Step 1638000] Ep 27300: mean F = 0.9740, max F = 0.9960
  [Step 1644000] Ep 27400: mean F = 0.9749, max F = 0.9961
  [Step 1650000] Ep 27500: mean F = 0.9782, max F = 0.9966
  [Step 1656000] Ep 27600: mean F = 0.9764, max F = 0.9953
  [Step 1662000] Ep 27700: mean F = 0.9792, max F = 0.9953
  [Step 1668000] Ep 27800: mean F = 0.9783, max F = 0.9965
  [Step 1674000] Ep 27900: mean F = 0.9741, max F = 0.9956
  [Step 1680000] Ep 28000: mean F = 0.9787, max F = 0.9960
  [Step 1686000] Ep 28100: mean F = 0.9807, max F = 0.9957
  [Step 1692000] Ep 28200: mean F = 0.9784, max F = 0.9965
  [Step 1698000] Ep 28300: mean F = 0.9785, max F = 0.9962
  [Step 1704000] Ep 28400: mean F = 0.9788, max F = 0.9961
  [Step 1710000] Ep 28500: mean F = 0.9795, max F = 0.9964
  [Step 1716000] Ep 28600: mean F = 0.9779, max F = 0.9959
  [Step 1722000] Ep 28700: mean F = 0.9801, max F = 0.9963
  [Step 1728000] Ep 28800: mean F = 0.9797, max F = 0.9960
  [Step 1734000] Ep 28900: mean F = 0.9812, max F = 0.9956
  [Step 1740000] Ep 29000: mean F = 0.9734, max F = 0.9960
  [Step 1746000] Ep 29100: mean F = 0.9809, max F = 0.9964
  [Step 1752000] Ep 29200: mean F = 0.9825, max F = 0.9960
  [Step 1758000] Ep 29300: mean F = 0.9842, max F = 0.9965
  [Step 1764000] Ep 29400: mean F = 0.9826, max F = 0.9966
  [Step 1770000] Ep 29500: mean F = 0.9775, max F = 0.9958
  [Step 1776000] Ep 29600: mean F = 0.9819, max F = 0.9959
  [Step 1782000] Ep 29700: mean F = 0.9839, max F = 0.9969
  [Step 1788000] Ep 29800: mean F = 0.9815, max F = 0.9955
  [Step 1794000] Ep 29900: mean F = 0.9833, max F = 0.9960
  [Step 1800000] Ep 30000: mean F = 0.9821, max F = 0.9961
  [Step 1806000] Ep 30100: mean F = 0.9825, max F = 0.9961
  [Step 1812000] Ep 30200: mean F = 0.9818, max F = 0.9972
  [Step 1818000] Ep 30300: mean F = 0.9810, max F = 0.9963
  [Step 1824000] Ep 30400: mean F = 0.9815, max F = 0.9963
  [Step 1830000] Ep 30500: mean F = 0.9767, max F = 0.9959
  [Step 1836000] Ep 30600: mean F = 0.9797, max F = 0.9966
  [Step 1842000] Ep 30700: mean F = 0.9827, max F = 0.9961
  [Step 1848000] Ep 30800: mean F = 0.9839, max F = 0.9964
  [Step 1854000] Ep 30900: mean F = 0.9835, max F = 0.9962
  [Step 1860000] Ep 31000: mean F = 0.9816, max F = 0.9967
  [Step 1866000] Ep 31100: mean F = 0.9821, max F = 0.9967
  [Step 1872000] Ep 31200: mean F = 0.9819, max F = 0.9966
  [Step 1878000] Ep 31300: mean F = 0.9836, max F = 0.9961
  [Step 1884000] Ep 31400: mean F = 0.9833, max F = 0.9970
  [Step 1890000] Ep 31500: mean F = 0.9817, max F = 0.9967
  [Step 1896000] Ep 31600: mean F = 0.9841, max F = 0.9966
  [Step 1902000] Ep 31700: mean F = 0.9839, max F = 0.9968
  [Step 1908000] Ep 31800: mean F = 0.9775, max F = 0.9960
  [Step 1914000] Ep 31900: mean F = 0.9834, max F = 0.9962
  [Step 1920000] Ep 32000: mean F = 0.9825, max F = 0.9965
  [Step 1926000] Ep 32100: mean F = 0.9829, max F = 0.9964
  [Step 1932000] Ep 32200: mean F = 0.9830, max F = 0.9956
  [Step 1938000] Ep 32300: mean F = 0.9785, max F = 0.9964
  [Step 1944000] Ep 32400: mean F = 0.9840, max F = 0.9963
  [Step 1950000] Ep 32500: mean F = 0.9838, max F = 0.9964
  [Step 1956000] Ep 32600: mean F = 0.9815, max F = 0.9964
  [Step 1962000] Ep 32700: mean F = 0.9851, max F = 0.9964
  [Step 1968000] Ep 32800: mean F = 0.9820, max F = 0.9968
  [Step 1974000] Ep 32900: mean F = 0.9826, max F = 0.9966
  [Step 1980000] Ep 33000: mean F = 0.9842, max F = 0.9964
  [Step 1986000] Ep 33100: mean F = 0.9828, max F = 0.9965
  [Step 1992000] Ep 33200: mean F = 0.9846, max F = 0.9968
  [Step 1998000] Ep 33300: mean F = 0.9836, max F = 0.9969
  [Step 2004000] Ep 33400: mean F = 0.9838, max F = 0.9967
  [Step 2010000] Ep 33500: mean F = 0.9837, max F = 0.9964
  [Step 2016000] Ep 33600: mean F = 0.9818, max F = 0.9963
  [Step 2022000] Ep 33700: mean F = 0.9824, max F = 0.9964
  [Step 2028000] Ep 33800: mean F = 0.9826, max F = 0.9961
  [Step 2034000] Ep 33900: mean F = 0.9827, max F = 0.9961
  [Step 2040000] Ep 34000: mean F = 0.9825, max F = 0.9964
  [Step 2046000] Ep 34100: mean F = 0.9838, max F = 0.9968
  [Step 2052000] Ep 34200: mean F = 0.9820, max F = 0.9970
  [Step 2058000] Ep 34300: mean F = 0.9805, max F = 0.9961
  [Step 2064000] Ep 34400: mean F = 0.9801, max F = 0.9968
  [Step 2070000] Ep 34500: mean F = 0.9820, max F = 0.9964
  [Step 2076000] Ep 34600: mean F = 0.9838, max F = 0.9961
  [Step 2082000] Ep 34700: mean F = 0.9804, max F = 0.9964
  [Step 2088000] Ep 34800: mean F = 0.9814, max F = 0.9962
  [Step 2094000] Ep 34900: mean F = 0.9837, max F = 0.9961
  [Step 2100000] Ep 35000: mean F = 0.9787, max F = 0.9963
  [Step 2106000] Ep 35100: mean F = 0.9856, max F = 0.9964
  [Step 2112000] Ep 35200: mean F = 0.9843, max F = 0.9967
  [Step 2118000] Ep 35300: mean F = 0.9842, max F = 0.9968
  [Step 2124000] Ep 35400: mean F = 0.9831, max F = 0.9960
  [Step 2130000] Ep 35500: mean F = 0.9823, max F = 0.9964
  [Step 2136000] Ep 35600: mean F = 0.9804, max F = 0.9962
  [Step 2142000] Ep 35700: mean F = 0.9833, max F = 0.9966
  [Step 2148000] Ep 35800: mean F = 0.9852, max F = 0.9966
  [Step 2154000] Ep 35900: mean F = 0.9835, max F = 0.9967
  [Step 2160000] Ep 36000: mean F = 0.9846, max F = 0.9964
  [Step 2166000] Ep 36100: mean F = 0.9834, max F = 0.9964
  [Step 2172000] Ep 36200: mean F = 0.9839, max F = 0.9960
  [Step 2178000] Ep 36300: mean F = 0.9817, max F = 0.9965
  [Step 2184000] Ep 36400: mean F = 0.9816, max F = 0.9964
  [Step 2190000] Ep 36500: mean F = 0.9845, max F = 0.9962
  [Step 2196000] Ep 36600: mean F = 0.9869, max F = 0.9967
  [Step 2202000] Ep 36700: mean F = 0.9839, max F = 0.9964
  [Step 2208000] Ep 36800: mean F = 0.9852, max F = 0.9963
  [Step 2214000] Ep 36900: mean F = 0.9839, max F = 0.9968
  [Step 2220000] Ep 37000: mean F = 0.9855, max F = 0.9966
  [Step 2226000] Ep 37100: mean F = 0.9816, max F = 0.9965
  [Step 2232000] Ep 37200: mean F = 0.9851, max F = 0.9967
  [Step 2238000] Ep 37300: mean F = 0.9845, max F = 0.9970
  [Step 2244000] Ep 37400: mean F = 0.9858, max F = 0.9968
  [Step 2250000] Ep 37500: mean F = 0.9837, max F = 0.9963
  [Step 2256000] Ep 37600: mean F = 0.9835, max F = 0.9971
  [Step 2262000] Ep 37700: mean F = 0.9798, max F = 0.9960
  [Step 2268000] Ep 37800: mean F = 0.9849, max F = 0.9965
  [Step 2274000] Ep 37900: mean F = 0.9858, max F = 0.9968
  [Step 2280000] Ep 38000: mean F = 0.9838, max F = 0.9960
  [Step 2286000] Ep 38100: mean F = 0.9845, max F = 0.9965
  [Step 2292000] Ep 38200: mean F = 0.9817, max F = 0.9963
  [Step 2298000] Ep 38300: mean F = 0.9870, max F = 0.9967
  [Step 2304000] Ep 38400: mean F = 0.9859, max F = 0.9964
  [Step 2310000] Ep 38500: mean F = 0.9866, max F = 0.9971
  [Step 2316000] Ep 38600: mean F = 0.9822, max F = 0.9962
  [Step 2322000] Ep 38700: mean F = 0.9824, max F = 0.9969
  [Step 2328000] Ep 38800: mean F = 0.9849, max F = 0.9968
  [Step 2334000] Ep 38900: mean F = 0.9852, max F = 0.9967
  [Step 2340000] Ep 39000: mean F = 0.9831, max F = 0.9966
  [Step 2346000] Ep 39100: mean F = 0.9850, max F = 0.9961
  [Step 2352000] Ep 39200: mean F = 0.9861, max F = 0.9964
  [Step 2358000] Ep 39300: mean F = 0.9848, max F = 0.9965
  [Step 2364000] Ep 39400: mean F = 0.9855, max F = 0.9960
  [Step 2370000] Ep 39500: mean F = 0.9842, max F = 0.9967
  [Step 2376000] Ep 39600: mean F = 0.9846, max F = 0.9966
  [Step 2382000] Ep 39700: mean F = 0.9854, max F = 0.9962
  [Step 2388000] Ep 39800: mean F = 0.9850, max F = 0.9967
  [Step 2394000] Ep 39900: mean F = 0.9830, max F = 0.9961
  [Step 2400000] Ep 40000: mean F = 0.9857, max F = 0.9964
  [Step 2406000] Ep 40100: mean F = 0.9835, max F = 0.9959
  [Step 2412000] Ep 40200: mean F = 0.9813, max F = 0.9963
  [Step 2418000] Ep 40300: mean F = 0.9852, max F = 0.9970
  [Step 2424000] Ep 40400: mean F = 0.9856, max F = 0.9969
  [Step 2430000] Ep 40500: mean F = 0.9833, max F = 0.9968
  [Step 2436000] Ep 40600: mean F = 0.9851, max F = 0.9964
  [Step 2442000] Ep 40700: mean F = 0.9858, max F = 0.9971
  [Step 2448000] Ep 40800: mean F = 0.9861, max F = 0.9962
  [Step 2454000] Ep 40900: mean F = 0.9844, max F = 0.9970
  [Step 2460000] Ep 41000: mean F = 0.9822, max F = 0.9963
  [Step 2466000] Ep 41100: mean F = 0.9840, max F = 0.9967
  [Step 2472000] Ep 41200: mean F = 0.9852, max F = 0.9967
  [Step 2478000] Ep 41300: mean F = 0.9846, max F = 0.9969
  [Step 2484000] Ep 41400: mean F = 0.9871, max F = 0.9966
  [Step 2490000] Ep 41500: mean F = 0.9833, max F = 0.9972
  [Step 2496000] Ep 41600: mean F = 0.9850, max F = 0.9969
  [Step 2502000] Ep 41700: mean F = 0.9881, max F = 0.9967
  [Step 2508000] Ep 41800: mean F = 0.9846, max F = 0.9965
  [Step 2514000] Ep 41900: mean F = 0.9883, max F = 0.9967
  [Step 2520000] Ep 42000: mean F = 0.9851, max F = 0.9965
  [Step 2526000] Ep 42100: mean F = 0.9840, max F = 0.9968
  [Step 2532000] Ep 42200: mean F = 0.9836, max F = 0.9967
  [Step 2538000] Ep 42300: mean F = 0.9848, max F = 0.9963
  [Step 2544000] Ep 42400: mean F = 0.9849, max F = 0.9967
  [Step 2550000] Ep 42500: mean F = 0.9846, max F = 0.9964
  [Step 2556000] Ep 42600: mean F = 0.9839, max F = 0.9965
  [Step 2562000] Ep 42700: mean F = 0.9869, max F = 0.9968
  [Step 2568000] Ep 42800: mean F = 0.9828, max F = 0.9968
  [Step 2574000] Ep 42900: mean F = 0.9857, max F = 0.9967
  [Step 2580000] Ep 43000: mean F = 0.9845, max F = 0.9967
  [Step 2586000] Ep 43100: mean F = 0.9870, max F = 0.9970
  [Step 2592000] Ep 43200: mean F = 0.9874, max F = 0.9968
  [Step 2598000] Ep 43300: mean F = 0.9871, max F = 0.9968
  [Step 2604000] Ep 43400: mean F = 0.9838, max F = 0.9972
  [Step 2610000] Ep 43500: mean F = 0.9875, max F = 0.9971
  [Step 2616000] Ep 43600: mean F = 0.9865, max F = 0.9970
  [Step 2622000] Ep 43700: mean F = 0.9854, max F = 0.9971
  [Step 2628000] Ep 43800: mean F = 0.9848, max F = 0.9964
  [Step 2634000] Ep 43900: mean F = 0.9850, max F = 0.9967
  [Step 2640000] Ep 44000: mean F = 0.9885, max F = 0.9971
  [Step 2646000] Ep 44100: mean F = 0.9841, max F = 0.9975
  [Step 2652000] Ep 44200: mean F = 0.9865, max F = 0.9970
  [Step 2658000] Ep 44300: mean F = 0.9843, max F = 0.9965
  [Step 2664000] Ep 44400: mean F = 0.9871, max F = 0.9972
  [Step 2670000] Ep 44500: mean F = 0.9832, max F = 0.9966
  [Step 2676000] Ep 44600: mean F = 0.9852, max F = 0.9975
  [Step 2682000] Ep 44700: mean F = 0.9839, max F = 0.9971
  [Step 2688000] Ep 44800: mean F = 0.9863, max F = 0.9968
  [Step 2694000] Ep 44900: mean F = 0.9874, max F = 0.9972
  [Step 2700000] Ep 45000: mean F = 0.9842, max F = 0.9965
  [Step 2706000] Ep 45100: mean F = 0.9859, max F = 0.9968
  [Step 2712000] Ep 45200: mean F = 0.9865, max F = 0.9964
  [Step 2718000] Ep 45300: mean F = 0.9858, max F = 0.9967
  [Step 2724000] Ep 45400: mean F = 0.9860, max F = 0.9972
  [Step 2730000] Ep 45500: mean F = 0.9873, max F = 0.9971
  [Step 2736000] Ep 45600: mean F = 0.9881, max F = 0.9973
  [Step 2742000] Ep 45700: mean F = 0.9884, max F = 0.9972
  [Step 2748000] Ep 45800: mean F = 0.9850, max F = 0.9970
  [Step 2754000] Ep 45900: mean F = 0.9865, max F = 0.9969
  [Step 2760000] Ep 46000: mean F = 0.9864, max F = 0.9965
  [Step 2766000] Ep 46100: mean F = 0.9843, max F = 0.9969
  [Step 2772000] Ep 46200: mean F = 0.9880, max F = 0.9970
  [Step 2778000] Ep 46300: mean F = 0.9869, max F = 0.9965
  [Step 2784000] Ep 46400: mean F = 0.9854, max F = 0.9967
  [Step 2790000] Ep 46500: mean F = 0.9834, max F = 0.9973
  [Step 2796000] Ep 46600: mean F = 0.9866, max F = 0.9969
  [Step 2802000] Ep 46700: mean F = 0.9822, max F = 0.9972
  [Step 2808000] Ep 46800: mean F = 0.9850, max F = 0.9968
  [Step 2814000] Ep 46900: mean F = 0.9882, max F = 0.9971
  [Step 2820000] Ep 47000: mean F = 0.9873, max F = 0.9968
  [Step 2826000] Ep 47100: mean F = 0.9881, max F = 0.9965
  [Step 2832000] Ep 47200: mean F = 0.9886, max F = 0.9971
  [Step 2838000] Ep 47300: mean F = 0.9873, max F = 0.9965
  [Step 2844000] Ep 47400: mean F = 0.9867, max F = 0.9971
  [Step 2850000] Ep 47500: mean F = 0.9883, max F = 0.9968
  [Step 2856000] Ep 47600: mean F = 0.9863, max F = 0.9974
  [Step 2862000] Ep 47700: mean F = 0.9870, max F = 0.9968
  [Step 2868000] Ep 47800: mean F = 0.9882, max F = 0.9972
  [Step 2874000] Ep 47900: mean F = 0.9851, max F = 0.9969
  [Step 2880000] Ep 48000: mean F = 0.9864, max F = 0.9968
  [Step 2886000] Ep 48100: mean F = 0.9850, max F = 0.9966
  [Step 2892000] Ep 48200: mean F = 0.9868, max F = 0.9970
  [Step 2898000] Ep 48300: mean F = 0.9855, max F = 0.9968
  [Step 2904000] Ep 48400: mean F = 0.9835, max F = 0.9971
  [Step 2910000] Ep 48500: mean F = 0.9872, max F = 0.9967
  [Step 2916000] Ep 48600: mean F = 0.9867, max F = 0.9971
  [Step 2922000] Ep 48700: mean F = 0.9854, max F = 0.9965
  [Step 2928000] Ep 48800: mean F = 0.9876, max F = 0.9974
  [Step 2934000] Ep 48900: mean F = 0.9864, max F = 0.9968
  [Step 2940000] Ep 49000: mean F = 0.9882, max F = 0.9971
  [Step 2946000] Ep 49100: mean F = 0.9866, max F = 0.9971
  [Step 2952000] Ep 49200: mean F = 0.9838, max F = 0.9967
  [Step 2958000] Ep 49300: mean F = 0.9880, max F = 0.9970
  [Step 2964000] Ep 49400: mean F = 0.9843, max F = 0.9963
  [Step 2970000] Ep 49500: mean F = 0.9850, max F = 0.9973
  [Step 2976000] Ep 49600: mean F = 0.9855, max F = 0.9972
  [Step 2982000] Ep 49700: mean F = 0.9874, max F = 0.9968
  [Step 2988000] Ep 49800: mean F = 0.9879, max F = 0.9968
  [Step 2994000] Ep 49900: mean F = 0.9862, max F = 0.9971
  [Step 3000000] Ep 50000: mean F = 0.9865, max F = 0.9969
  Seed 42: 13427.5s, final mean F = 0.9863

============================================================
Training PPO on Scenario C, seed=153, 3M steps, 60 ctrl steps
============================================================
  [Step 6000] Ep 100: mean F = 0.4317, max F = 0.9805
  [Step 12000] Ep 200: mean F = 0.5326, max F = 0.9795
  [Step 18000] Ep 300: mean F = 0.5077, max F = 0.9810
